[14:16:09.808] Global cache location '/home/jackson/.cache/typescript/4.1', safe file path '/nix/store/5wgpzr52sf28l44r5vh776cbi1bbvqn9-node_typescript-4.1.3/lib/node_modules/typescript/lib/typingSafeList.json', types map path /nix/store/5wgpzr52sf28l44r5vh776cbi1bbvqn9-node_typescript-4.1.3/lib/node_modules/typescript/lib/typesMap.json
[14:16:09.808] Processing cache location '/home/jackson/.cache/typescript/4.1'
[14:16:09.808] Trying to find '/home/jackson/.cache/typescript/4.1/package.json'...
[14:16:09.809] Loaded content of '/home/jackson/.cache/typescript/4.1/package.json': {"private":true,"dependencies":{"types-registry":"^0.1.527"},"devDependencies":{"@types/async":"^3.2.5","@types/atob":"^2.1.2","@types/inherits":"0.0.30","@types/lz-string":"^1.3.34","@types/object-assign":"^4.0.30","@types/react":"^17.0.1","@types/react-dom":"^17.0.0","@types/scheduler":"^0.16.1","@types/sprintf":"^0.1.0","@types/testing-library__jest-dom":"^5.9.5","@types/tryer":"^1.0.1"}}
[14:16:09.809] Loaded content of '/home/jackson/.cache/typescript/4.1/package-lock.json'
[14:16:09.816] Adding entry into typings cache: 'async' => '/home/jackson/.cache/typescript/4.1/node_modules/@types/async/index.d.ts'
[14:16:09.818] Adding entry into typings cache: 'atob' => '/home/jackson/.cache/typescript/4.1/node_modules/@types/atob/index.d.ts'
[14:16:09.819] Adding entry into typings cache: 'inherits' => '/home/jackson/.cache/typescript/4.1/node_modules/@types/inherits/index.d.ts'
[14:16:09.821] Adding entry into typings cache: 'lz-string' => '/home/jackson/.cache/typescript/4.1/node_modules/@types/lz-string/index.d.ts'
[14:16:09.823] Adding entry into typings cache: 'object-assign' => '/home/jackson/.cache/typescript/4.1/node_modules/@types/object-assign/index.d.ts'
[14:16:09.826] Adding entry into typings cache: 'react' => '/home/jackson/.cache/typescript/4.1/node_modules/@types/react/index.d.ts'
[14:16:09.827] Adding entry into typings cache: 'react-dom' => '/home/jackson/.cache/typescript/4.1/node_modules/@types/react-dom/index.d.ts'
[14:16:09.829] Adding entry into typings cache: 'scheduler' => '/home/jackson/.cache/typescript/4.1/node_modules/@types/scheduler/index.d.ts'
[14:16:09.831] Adding entry into typings cache: 'sprintf' => '/home/jackson/.cache/typescript/4.1/node_modules/@types/sprintf/index.d.ts'
[14:16:09.832] Adding entry into typings cache: 'testing-library__jest-dom' => '/home/jackson/.cache/typescript/4.1/node_modules/@types/testing-library__jest-dom/index.d.ts'
[14:16:09.835] Adding entry into typings cache: 'tryer' => '/home/jackson/.cache/typescript/4.1/node_modules/@types/tryer/index.d.ts'
[14:16:09.835] Finished processing cache location '/home/jackson/.cache/typescript/4.1'
[14:16:09.835] Process id: 3877
[14:16:09.835] NPM location: /nix/store/nm15xz8bigq33d3x8r8lfrdlnvspmjrm-nodejs-14.15.4/bin/npm (explicit '--npmLocation' not  provided)
[14:16:09.835] validateDefaultNpmLocation: false
[14:16:09.835] Npm config file: /home/jackson/.cache/typescript/4.1/package.json
[14:16:09.835] Updating types-registry npm package...
[14:16:09.835] Exec: /nix/store/nm15xz8bigq33d3x8r8lfrdlnvspmjrm-nodejs-14.15.4/bin/npm install --ignore-scripts types-registry@latest
[14:16:10.755]     Succeeded. stdout:
    + types-registry@0.1.527
    updated 1 package and audited 34 packages in 0.652s

2 packages are looking for funding
  run `npm fund` for details

found 0 vulnerabilities


[14:16:10.755] Updated types-registry npm package
[14:16:10.768] Got install request {"projectName":"/dev/null/inferredProject1*","fileNames":["/nix/store/5wgpzr52sf28l44r5vh776cbi1bbvqn9-node_typescript-4.1.3/lib/node_modules/typescript/lib/lib.es5.d.ts","/nix/store/5wgpzr52sf28l44r5vh776cbi1bbvqn9-node_typescript-4.1.3/lib/node_modules/typescript/lib/lib.es2015.d.ts","/nix/store/5wgpzr52sf28l44r5vh776cbi1bbvqn9-node_typescript-4.1.3/lib/node_modules/typescript/lib/lib.es2016.d.ts","/nix/store/5wgpzr52sf28l44r5vh776cbi1bbvqn9-node_typescript-4.1.3/lib/node_modules/typescript/lib/lib.dom.d.ts","/nix/store/5wgpzr52sf28l44r5vh776cbi1bbvqn9-node_typescript-4.1.3/lib/node_modules/typescript/lib/lib.dom.iterable.d.ts","/nix/store/5wgpzr52sf28l44r5vh776cbi1bbvqn9-node_typescript-4.1.3/lib/node_modules/typescript/lib/lib.webworker.importscripts.d.ts","/nix/store/5wgpzr52sf28l44r5vh776cbi1bbvqn9-node_typescript-4.1.3/lib/node_modules/typescript/lib/lib.scripthost.d.ts","/nix/store/5wgpzr52sf28l44r5vh776cbi1bbvqn9-node_typescript-4.1.3/lib/node_modules/typescript/lib/lib.es2015.core.d.ts","/nix/store/5wgpzr52sf28l44r5vh776cbi1bbvqn9-node_typescript-4.1.3/lib/node_modules/typescript/lib/lib.es2015.collection.d.ts","/nix/store/5wgpzr52sf28l44r5vh776cbi1bbvqn9-node_typescript-4.1.3/lib/node_modules/typescript/lib/lib.es2015.generator.d.ts","/nix/store/5wgpzr52sf28l44r5vh776cbi1bbvqn9-node_typescript-4.1.3/lib/node_modules/typescript/lib/lib.es2015.iterable.d.ts","/nix/store/5wgpzr52sf28l44r5vh776cbi1bbvqn9-node_typescript-4.1.3/lib/node_modules/typescript/lib/lib.es2015.promise.d.ts","/nix/store/5wgpzr52sf28l44r5vh776cbi1bbvqn9-node_typescript-4.1.3/lib/node_modules/typescript/lib/lib.es2015.proxy.d.ts","/nix/store/5wgpzr52sf28l44r5vh776cbi1bbvqn9-node_typescript-4.1.3/lib/node_modules/typescript/lib/lib.es2015.reflect.d.ts","/nix/store/5wgpzr52sf28l44r5vh776cbi1bbvqn9-node_typescript-4.1.3/lib/node_modules/typescript/lib/lib.es2015.symbol.d.ts","/nix/store/5wgpzr52sf28l44r5vh776cbi1bbvqn9-node_typescript-4.1.3/lib/node_modules/typescript/lib/lib.es2015.symbol.wellknown.d.ts","/nix/store/5wgpzr52sf28l44r5vh776cbi1bbvqn9-node_typescript-4.1.3/lib/node_modules/typescript/lib/lib.es2016.array.include.d.ts","/nix/store/5wgpzr52sf28l44r5vh776cbi1bbvqn9-node_typescript-4.1.3/lib/node_modules/typescript/lib/lib.es2016.full.d.ts","/home/jackson/git_repos/job-stuff/intern-interviews/src/challenge/lock-logic.js"],"compilerOptions":{"module":1,"target":3,"jsx":1,"allowJs":true,"allowSyntheticDefaultImports":true,"allowNonTsExtensions":true,"noEmitForJsFiles":true,"maxNodeModuleJsDepth":2},"typeAcquisition":{"enable":true,"include":[],"exclude":[]},"unresolvedImports":[],"projectRootPath":"/home/jackson/git_repos/job-stuff/intern-interviews/src/challenge","kind":"discover"}
[14:16:10.782] Loaded safelist from types map file '/nix/store/5wgpzr52sf28l44r5vh776cbi1bbvqn9-node_typescript-4.1.3/lib/node_modules/typescript/lib/typesMap.json'
[14:16:10.782] Explicitly included types: []
[14:16:10.783] Inferred typings from unresolved imports: []
[14:16:10.783] Result: {"cachedTypingPaths":[],"newTypingNames":[],"filesToWatch":["/home/jackson/git_repos/job-stuff/intern-interviews/src/challenge/bower_components","/home/jackson/git_repos/job-stuff/intern-interviews/src/challenge/node_modules"]}
[14:16:10.783] Finished typings discovery: {"cachedTypingPaths":[],"newTypingNames":[],"filesToWatch":["/home/jackson/git_repos/job-stuff/intern-interviews/src/challenge/bower_components","/home/jackson/git_repos/job-stuff/intern-interviews/src/challenge/node_modules"]}
[14:16:10.783] DirectoryWatcher:: Added:: WatchInfo: /home/jackson/git_repos/job-stuff/intern-interviews/src/challenge/bower_components
[14:16:10.784] DirectoryWatcher:: Added:: WatchInfo: /home/jackson/git_repos/job-stuff/intern-interviews/src/challenge/node_modules
[14:16:10.785] Sending response:
    {"projectName":"/dev/null/inferredProject1*","typeAcquisition":{"enable":true,"include":[],"exclude":[]},"compilerOptions":{"module":1,"target":3,"jsx":1,"allowJs":true,"allowSyntheticDefaultImports":true,"allowNonTsExtensions":true,"noEmitForJsFiles":true,"maxNodeModuleJsDepth":2},"typings":[],"unresolvedImports":[],"kind":"action::set"}
[14:16:10.785] Response has been sent.
[14:16:10.785] No new typings were requested as a result of typings discovery
