Info 0    [14:16:09.686] Starting TS Server
Info 1    [14:16:09.686] Version: 4.1.3
Info 2    [14:16:09.686] Arguments: /nix/store/nm15xz8bigq33d3x8r8lfrdlnvspmjrm-nodejs-14.15.4/bin/node /home/jackson/.nix-profile/bin/tsserver --logFile /home/jackson/git_repos/job-stuff/intern-interviews/.log/tsserver.log --logVerbosity info --cancellationPipeName /tmp/6c38a7f624c99f730c81447a4a51ee01/tscancellation*
Info 3    [14:16:09.686] Platform: linux NodeVersion: 14 CaseSensitive: true
Info 4    [14:16:09.686] ServerMode: undefined syntaxOnly: false hasUnknownServerMode: undefined
Info 5    [14:16:09.696] Search path: /home/jackson/git_repos/job-stuff/intern-interviews/src/challenge
Info 6    [14:16:09.697] For info: /home/jackson/git_repos/job-stuff/intern-interviews/src/challenge/lock-logic.js :: No config files found.
Info 7    [14:16:09.699] Starting updateGraphWorker: Project: /dev/null/inferredProject1*
Info 8    [14:16:10.213] Finishing updateGraphWorker: Project: /dev/null/inferredProject1* Version: 1 structureChanged: true Elapsed: 513.8860999997705ms
Info 9    [14:16:10.213] Project '/dev/null/inferredProject1*' (Inferred)
Info 10   [14:16:10.213] 	Files (19)

Info 11   [14:16:10.213] -----------------------------------------------
Info 12   [14:16:11.036] Starting updateGraphWorker: Project: /dev/null/inferredProject1*
Info 13   [14:16:11.037] Finishing updateGraphWorker: Project: /dev/null/inferredProject1* Version: 2 structureChanged: false Elapsed: 0.4703999999910593ms
Info 14   [14:16:13.286] Before ensureProjectForOpenFiles:
Info 15   [14:16:13.286] After ensureProjectForOpenFiles:
Info 16   [14:16:13.287] got projects updated in background, updating diagnostics for /home/jackson/git_repos/job-stuff/intern-interviews/src/challenge/lock-logic.js
Info 17   [14:29:21.515] Starting updateGraphWorker: Project: /dev/null/inferredProject1*
Info 18   [14:29:21.522] Finishing updateGraphWorker: Project: /dev/null/inferredProject1* Version: 3 structureChanged: false Elapsed: 7.191099999472499ms
Info 19   [14:29:21.522] Different program with same set of files:: structureIsReused:: 2
Info 20   [14:29:21.877] Starting updateGraphWorker: Project: /dev/null/inferredProject1*
Info 21   [14:29:21.882] Finishing updateGraphWorker: Project: /dev/null/inferredProject1* Version: 4 structureChanged: false Elapsed: 4.8842000011354685ms
Info 22   [14:29:21.882] Different program with same set of files:: structureIsReused:: 2
Info 23   [14:30:07.724] Starting updateGraphWorker: Project: /dev/null/inferredProject1*
Info 24   [14:30:07.728] Finishing updateGraphWorker: Project: /dev/null/inferredProject1* Version: 5 structureChanged: false Elapsed: 3.989800000563264ms
Info 25   [14:30:07.728] Different program with same set of files:: structureIsReused:: 2
Info 26   [14:30:08.237] Starting updateGraphWorker: Project: /dev/null/inferredProject1*
Info 27   [14:30:08.242] Finishing updateGraphWorker: Project: /dev/null/inferredProject1* Version: 6 structureChanged: false Elapsed: 5.192900000140071ms
Info 28   [14:30:08.242] Different program with same set of files:: structureIsReused:: 2
Info 29   [14:30:09.707] Starting updateGraphWorker: Project: /dev/null/inferredProject1*
Info 30   [14:30:09.710] Finishing updateGraphWorker: Project: /dev/null/inferredProject1* Version: 7 structureChanged: false Elapsed: 3.144700000062585ms
Info 31   [14:30:09.710] Different program with same set of files:: structureIsReused:: 2
Info 32   [14:31:27.796] Starting updateGraphWorker: Project: /dev/null/inferredProject1*
Info 33   [14:31:27.799] Finishing updateGraphWorker: Project: /dev/null/inferredProject1* Version: 8 structureChanged: false Elapsed: 2.61739999987185ms
Info 34   [14:31:27.799] Different program with same set of files:: structureIsReused:: 2
Info 35   [14:31:28.098] getCompletionData: Get current token: 0.00950000062584877
Info 36   [14:31:28.098] getCompletionData: Is inside comment: 0.1356000006198883
Info 37   [14:31:28.098] Returning an empty list because completion was inside a regular comment or plain text part of a JsDoc comment.
Info 38   [14:31:29.455] Starting updateGraphWorker: Project: /dev/null/inferredProject1*
Info 39   [14:31:29.458] Finishing updateGraphWorker: Project: /dev/null/inferredProject1* Version: 9 structureChanged: false Elapsed: 3.0932000000029802ms
Info 40   [14:31:29.458] Different program with same set of files:: structureIsReused:: 2
Info 41   [14:31:31.455] Starting updateGraphWorker: Project: /dev/null/inferredProject1*
Info 42   [14:31:31.460] Finishing updateGraphWorker: Project: /dev/null/inferredProject1* Version: 10 structureChanged: false Elapsed: 4.722500000149012ms
Info 43   [14:31:31.460] Different program with same set of files:: structureIsReused:: 2
Info 44   [14:31:31.780] Starting updateGraphWorker: Project: /dev/null/inferredProject1*
Info 45   [14:31:31.786] Finishing updateGraphWorker: Project: /dev/null/inferredProject1* Version: 11 structureChanged: false Elapsed: 5.887099999934435ms
Info 46   [14:31:31.786] Different program with same set of files:: structureIsReused:: 2
Info 47   [14:31:32.642] Starting updateGraphWorker: Project: /dev/null/inferredProject1*
Info 48   [14:31:32.645] Finishing updateGraphWorker: Project: /dev/null/inferredProject1* Version: 12 structureChanged: false Elapsed: 2.56110000051558ms
Info 49   [14:31:32.645] Different program with same set of files:: structureIsReused:: 2
Info 50   [14:31:33.112] Starting updateGraphWorker: Project: /dev/null/inferredProject1*
Info 51   [14:31:33.115] Finishing updateGraphWorker: Project: /dev/null/inferredProject1* Version: 13 structureChanged: false Elapsed: 2.971899999305606ms
Info 52   [14:31:33.127] Different program with same set of files:: structureIsReused:: 2
Info 53   [14:31:33.465] Starting updateGraphWorker: Project: /dev/null/inferredProject1*
Info 54   [14:31:33.469] Finishing updateGraphWorker: Project: /dev/null/inferredProject1* Version: 14 structureChanged: false Elapsed: 3.8047000002115965ms
Info 55   [14:31:33.469] Different program with same set of files:: structureIsReused:: 2
Info 56   [14:31:33.732] Starting updateGraphWorker: Project: /dev/null/inferredProject1*
Info 57   [14:31:33.735] Finishing updateGraphWorker: Project: /dev/null/inferredProject1* Version: 15 structureChanged: false Elapsed: 2.412399999797344ms
Info 58   [14:31:33.735] Different program with same set of files:: structureIsReused:: 2
Info 59   [14:31:34.322] Starting updateGraphWorker: Project: /dev/null/inferredProject1*
Info 60   [14:31:34.324] Finishing updateGraphWorker: Project: /dev/null/inferredProject1* Version: 16 structureChanged: false Elapsed: 2.2127000000327826ms
Info 61   [14:31:34.324] Different program with same set of files:: structureIsReused:: 2
Info 62   [14:31:34.829] Starting updateGraphWorker: Project: /dev/null/inferredProject1*
Info 63   [14:31:34.831] Finishing updateGraphWorker: Project: /dev/null/inferredProject1* Version: 17 structureChanged: false Elapsed: 2.6540999989956617ms
Info 64   [14:31:34.831] Different program with same set of files:: structureIsReused:: 2
Info 65   [14:31:36.093] Starting updateGraphWorker: Project: /dev/null/inferredProject1*
Info 66   [14:31:36.095] Finishing updateGraphWorker: Project: /dev/null/inferredProject1* Version: 18 structureChanged: false Elapsed: 2.6773999985307455ms
Info 67   [14:31:36.095] Different program with same set of files:: structureIsReused:: 2
Info 68   [14:31:36.428] Starting updateGraphWorker: Project: /dev/null/inferredProject1*
Info 69   [14:31:36.431] Finishing updateGraphWorker: Project: /dev/null/inferredProject1* Version: 19 structureChanged: false Elapsed: 2.494599999859929ms
Info 70   [14:31:36.431] Different program with same set of files:: structureIsReused:: 2
Info 71   [14:31:42.833] Starting updateGraphWorker: Project: /dev/null/inferredProject1*
Info 72   [14:31:42.835] Finishing updateGraphWorker: Project: /dev/null/inferredProject1* Version: 20 structureChanged: false Elapsed: 2.4466999992728233ms
Info 73   [14:31:42.835] Different program with same set of files:: structureIsReused:: 2
Info 74   [14:31:43.134] getCompletionData: Get current token: 0.008799999952316284
Info 75   [14:31:43.134] getCompletionData: Is inside comment: 0.1390999983996153
Info 76   [14:31:43.134] Returning an empty list because completion was inside a regular comment or plain text part of a JsDoc comment.
Info 77   [14:31:44.274] Starting updateGraphWorker: Project: /dev/null/inferredProject1*
Info 78   [14:31:44.277] Finishing updateGraphWorker: Project: /dev/null/inferredProject1* Version: 21 structureChanged: false Elapsed: 2.795499999076128ms
Info 79   [14:31:44.277] Different program with same set of files:: structureIsReused:: 2
Info 80   [14:31:49.128] Starting updateGraphWorker: Project: /dev/null/inferredProject1*
Info 81   [14:31:49.133] Finishing updateGraphWorker: Project: /dev/null/inferredProject1* Version: 22 structureChanged: false Elapsed: 5.467100000008941ms
Info 82   [14:31:49.133] Different program with same set of files:: structureIsReused:: 2
Info 83   [14:31:52.579] Starting updateGraphWorker: Project: /dev/null/inferredProject1*
Info 84   [14:31:52.581] Finishing updateGraphWorker: Project: /dev/null/inferredProject1* Version: 23 structureChanged: false Elapsed: 2.2587999999523163ms
Info 85   [14:31:52.581] Different program with same set of files:: structureIsReused:: 2
Info 86   [14:31:53.376] Starting updateGraphWorker: Project: /dev/null/inferredProject1*
Info 87   [14:31:53.378] Finishing updateGraphWorker: Project: /dev/null/inferredProject1* Version: 24 structureChanged: false Elapsed: 2.153100000694394ms
Info 88   [14:31:53.378] Different program with same set of files:: structureIsReused:: 2
Info 89   [14:31:53.595] Starting updateGraphWorker: Project: /dev/null/inferredProject1*
Info 90   [14:31:53.597] Finishing updateGraphWorker: Project: /dev/null/inferredProject1* Version: 25 structureChanged: false Elapsed: 2.2452999986708164ms
Info 91   [14:31:53.597] Different program with same set of files:: structureIsReused:: 2
Info 92   [14:31:58.186] Starting updateGraphWorker: Project: /dev/null/inferredProject1*
Info 93   [14:31:58.189] Finishing updateGraphWorker: Project: /dev/null/inferredProject1* Version: 26 structureChanged: false Elapsed: 2.4386999998241663ms
Info 94   [14:31:58.189] Different program with same set of files:: structureIsReused:: 2
Info 95   [14:32:06.401] Starting updateGraphWorker: Project: /dev/null/inferredProject1*
Info 96   [14:32:06.403] Finishing updateGraphWorker: Project: /dev/null/inferredProject1* Version: 27 structureChanged: false Elapsed: 2.1590999998152256ms
Info 97   [14:32:06.403] Different program with same set of files:: structureIsReused:: 2
Info 98   [14:32:06.701] getCompletionData: Get current token: 0.006599999964237213
Info 99   [14:32:06.701] getCompletionData: Is inside comment: 0.028199998661875725
Info 100  [14:32:06.701] getCompletionData: Get previous token 1: 0.02149999886751175
Info 101  [14:32:06.701] getCompletionData: Get previous token 2: 0.01900000125169754
Info 102  [14:32:06.702] getCompletionsAtPosition: isCompletionListBlocker: 0.2017000000923872
Info 103  [14:32:06.705] getSymbolsFromOtherSourceFileExports: Recomputing list
Info 104  [14:32:06.706] forEachExternalModuleToImportFrom: filtered out 0 modules by package.json contents
Info 105  [14:32:06.709] getSymbolsFromOtherSourceFileExports: 4.026800001040101
Info 106  [14:32:06.710] getCompletionData: Semantic work: 8.245099999010563
Info 107  [14:32:06.721] getCompletionsAtPosition: getCompletionEntriesFromSymbols: 10.750900000333786
Info 108  [14:32:07.047] Starting updateGraphWorker: Project: /dev/null/inferredProject1*
Info 109  [14:32:07.049] Finishing updateGraphWorker: Project: /dev/null/inferredProject1* Version: 28 structureChanged: false Elapsed: 2.3523999992758036ms
Info 110  [14:32:07.049] Different program with same set of files:: structureIsReused:: 2
Info 111  [14:32:07.956] Starting updateGraphWorker: Project: /dev/null/inferredProject1*
Info 112  [14:32:07.958] Finishing updateGraphWorker: Project: /dev/null/inferredProject1* Version: 29 structureChanged: false Elapsed: 2.4087000004947186ms
Info 113  [14:32:07.958] Different program with same set of files:: structureIsReused:: 2
Info 114  [14:32:07.958] getCompletionData: Get current token: 0.01730000041425228
Info 115  [14:32:07.959] getCompletionData: Is inside comment: 0.013799998909235
Info 116  [14:32:07.959] getCompletionData: Get previous token 1: 0.06790000014007092
Info 117  [14:32:07.959] getCompletionData: Get previous token 2: 0.023599999025464058
Info 118  [14:32:07.959] getCompletionsAtPosition: isCompletionListBlocker: 0.0027999989688396454
Info 119  [14:32:07.961] getSymbolsFromOtherSourceFileExports: Recomputing list for details entry
Info 120  [14:32:07.961] forEachExternalModuleToImportFrom: filtered out 0 modules by package.json contents
Info 121  [14:32:07.963] getSymbolsFromOtherSourceFileExports: 2.105500001460314
Info 122  [14:32:07.964] getCompletionData: Semantic work: 5.538699999451637
Info 123  [14:32:08.825] Starting updateGraphWorker: Project: /dev/null/inferredProject1*
Info 124  [14:32:08.828] Finishing updateGraphWorker: Project: /dev/null/inferredProject1* Version: 30 structureChanged: false Elapsed: 2.435300000011921ms
Info 125  [14:32:08.828] Different program with same set of files:: structureIsReused:: 2
Info 126  [14:32:09.126] getCompletionData: Get current token: 0.007200000807642937
Info 127  [14:32:09.126] getCompletionData: Is inside comment: 0.03670000098645687
Info 128  [14:32:09.126] getCompletionData: Get previous token 1: 0.03019999898970127
Info 129  [14:32:09.126] getCompletionsAtPosition: isCompletionListBlocker: 0.002900000661611557
Info 130  [14:32:09.136] getCompletionData: Semantic work: 10.387799998745322
Info 131  [14:32:09.137] getCompletionsAtPosition: getCompletionEntriesFromSymbols: 0.0035999994724988937
Info 132  [14:32:09.565] Starting updateGraphWorker: Project: /dev/null/inferredProject1*
Info 133  [14:32:09.567] Finishing updateGraphWorker: Project: /dev/null/inferredProject1* Version: 31 structureChanged: false Elapsed: 2.4890000000596046ms
Info 134  [14:32:09.568] Different program with same set of files:: structureIsReused:: 2
Info 135  [14:32:10.290] Starting updateGraphWorker: Project: /dev/null/inferredProject1*
Info 136  [14:32:10.297] Finishing updateGraphWorker: Project: /dev/null/inferredProject1* Version: 32 structureChanged: false Elapsed: 6.544999999925494ms
Info 137  [14:32:10.297] Different program with same set of files:: structureIsReused:: 2
Info 138  [14:32:11.177] Starting updateGraphWorker: Project: /dev/null/inferredProject1*
Info 139  [14:32:11.180] Finishing updateGraphWorker: Project: /dev/null/inferredProject1* Version: 33 structureChanged: false Elapsed: 2.6863000001758337ms
Info 140  [14:32:11.180] Different program with same set of files:: structureIsReused:: 2
Info 141  [14:32:11.703] Starting updateGraphWorker: Project: /dev/null/inferredProject1*
Info 142  [14:32:11.705] Finishing updateGraphWorker: Project: /dev/null/inferredProject1* Version: 34 structureChanged: false Elapsed: 2.076799999922514ms
Info 143  [14:32:11.717] Different program with same set of files:: structureIsReused:: 2
Info 144  [14:32:17.053] Starting updateGraphWorker: Project: /dev/null/inferredProject1*
Info 145  [14:32:17.056] Finishing updateGraphWorker: Project: /dev/null/inferredProject1* Version: 35 structureChanged: false Elapsed: 2.589800000190735ms
Info 146  [14:32:17.056] Different program with same set of files:: structureIsReused:: 2
Info 147  [14:32:17.901] Starting updateGraphWorker: Project: /dev/null/inferredProject1*
Info 148  [14:32:17.906] Finishing updateGraphWorker: Project: /dev/null/inferredProject1* Version: 36 structureChanged: false Elapsed: 4.449699999764562ms
Info 149  [14:32:17.906] Different program with same set of files:: structureIsReused:: 2
Info 150  [14:32:18.133] Starting updateGraphWorker: Project: /dev/null/inferredProject1*
Info 151  [14:32:18.136] Finishing updateGraphWorker: Project: /dev/null/inferredProject1* Version: 37 structureChanged: false Elapsed: 2.2545999996364117ms
Info 152  [14:32:18.136] Different program with same set of files:: structureIsReused:: 2
Info 153  [14:32:18.563] getCompletionData: Get current token: 0.008999999612569809
Info 154  [14:32:18.563] getCompletionData: Is inside comment: 0.03350000083446503
Info 155  [14:32:18.563] getCompletionData: Get previous token 1: 0.026399999856948853
Info 156  [14:32:18.563] getCompletionData: Get previous token 2: 0.041200000792741776
Info 157  [14:32:18.563] getCompletionsAtPosition: isCompletionListBlocker: 0.0027000010013580322
Info 158  [14:32:18.566] getSymbolsFromOtherSourceFileExports: Using cached list
Info 159  [14:32:18.567] getCompletionData: Semantic work: 3.809699999168515
Info 160  [14:32:18.573] getCompletionsAtPosition: getCompletionEntriesFromSymbols: 5.611399998888373
Info 161  [14:32:19.196] Starting updateGraphWorker: Project: /dev/null/inferredProject1*
Info 162  [14:32:19.200] Finishing updateGraphWorker: Project: /dev/null/inferredProject1* Version: 38 structureChanged: false Elapsed: 3.8066000007092953ms
Info 163  [14:32:19.200] Different program with same set of files:: structureIsReused:: 2
Info 164  [14:32:23.982] Starting updateGraphWorker: Project: /dev/null/inferredProject1*
Info 165  [14:32:23.985] Finishing updateGraphWorker: Project: /dev/null/inferredProject1* Version: 39 structureChanged: false Elapsed: 3.3675999995321035ms
Info 166  [14:32:23.985] Different program with same set of files:: structureIsReused:: 2
Info 167  [14:32:25.441] Starting updateGraphWorker: Project: /dev/null/inferredProject1*
Info 168  [14:32:25.443] Finishing updateGraphWorker: Project: /dev/null/inferredProject1* Version: 40 structureChanged: false Elapsed: 2.2752999998629093ms
Info 169  [14:32:25.443] Different program with same set of files:: structureIsReused:: 2
Info 170  [14:32:27.832] Starting updateGraphWorker: Project: /dev/null/inferredProject1*
Info 171  [14:32:27.835] Finishing updateGraphWorker: Project: /dev/null/inferredProject1* Version: 41 structureChanged: false Elapsed: 3.207300001755357ms
Info 172  [14:32:27.835] Different program with same set of files:: structureIsReused:: 2
Info 173  [14:32:28.791] Starting updateGraphWorker: Project: /dev/null/inferredProject1*
Info 174  [14:32:28.795] Finishing updateGraphWorker: Project: /dev/null/inferredProject1* Version: 42 structureChanged: false Elapsed: 3.793000001460314ms
Info 175  [14:32:28.795] Different program with same set of files:: structureIsReused:: 2
Info 176  [14:32:28.796] Starting updateGraphWorker: Project: /dev/null/inferredProject1*
Info 177  [14:32:28.801] Finishing updateGraphWorker: Project: /dev/null/inferredProject1* Version: 43 structureChanged: false Elapsed: 4.34739999845624ms
Info 178  [14:32:28.801] Different program with same set of files:: structureIsReused:: 2
Info 179  [14:32:29.294] Starting updateGraphWorker: Project: /dev/null/inferredProject1*
Info 180  [14:32:29.296] Finishing updateGraphWorker: Project: /dev/null/inferredProject1* Version: 44 structureChanged: false Elapsed: 2.155299998819828ms
Info 181  [14:32:29.296] Different program with same set of files:: structureIsReused:: 2
Info 182  [14:32:29.595] getCompletionData: Get current token: 0.008899999782443047
Info 183  [14:32:29.595] getCompletionData: Is inside comment: 0.040200000628829
Info 184  [14:32:29.595] getCompletionData: Get previous token 1: 0.03459999896585941
Info 185  [14:32:29.595] getCompletionData: Get previous token 2: 0.047700000926852226
Info 186  [14:32:29.595] getCompletionsAtPosition: isCompletionListBlocker: 0.08579999953508377
Info 187  [14:32:29.597] getSymbolsFromOtherSourceFileExports: Using cached list
Info 188  [14:32:29.599] getCompletionData: Semantic work: 3.7028000000864267
Info 189  [14:32:29.620] getCompletionsAtPosition: getCompletionEntriesFromSymbols: 7.544599998742342
Info 190  [14:32:29.981] Starting updateGraphWorker: Project: /dev/null/inferredProject1*
Info 191  [14:32:29.983] Finishing updateGraphWorker: Project: /dev/null/inferredProject1* Version: 45 structureChanged: false Elapsed: 2.148199999704957ms
Info 192  [14:32:29.983] Different program with same set of files:: structureIsReused:: 2
Info 193  [14:32:30.283] Starting updateGraphWorker: Project: /dev/null/inferredProject1*
Info 194  [14:32:30.286] Finishing updateGraphWorker: Project: /dev/null/inferredProject1* Version: 46 structureChanged: false Elapsed: 2.522300001233816ms
Info 195  [14:32:30.286] Different program with same set of files:: structureIsReused:: 2
Info 196  [14:32:31.022] Starting updateGraphWorker: Project: /dev/null/inferredProject1*
Info 197  [14:32:31.024] Finishing updateGraphWorker: Project: /dev/null/inferredProject1* Version: 47 structureChanged: false Elapsed: 2.2863999996334314ms
Info 198  [14:32:31.024] Different program with same set of files:: structureIsReused:: 2
Info 199  [14:32:31.609] Starting updateGraphWorker: Project: /dev/null/inferredProject1*
Info 200  [14:32:31.612] Finishing updateGraphWorker: Project: /dev/null/inferredProject1* Version: 48 structureChanged: false Elapsed: 3.7042999994009733ms
Info 201  [14:32:31.612] Different program with same set of files:: structureIsReused:: 2
Info 202  [14:32:32.270] Starting updateGraphWorker: Project: /dev/null/inferredProject1*
Info 203  [14:32:32.273] Finishing updateGraphWorker: Project: /dev/null/inferredProject1* Version: 49 structureChanged: false Elapsed: 3.436599999666214ms
Info 204  [14:32:32.273] Different program with same set of files:: structureIsReused:: 2
Info 205  [14:32:32.525] Starting updateGraphWorker: Project: /dev/null/inferredProject1*
Info 206  [14:32:32.527] Finishing updateGraphWorker: Project: /dev/null/inferredProject1* Version: 50 structureChanged: false Elapsed: 1.987900000065565ms
Info 207  [14:32:32.527] Different program with same set of files:: structureIsReused:: 2
Info 208  [14:32:33.402] Starting updateGraphWorker: Project: /dev/null/inferredProject1*
Info 209  [14:32:33.405] Finishing updateGraphWorker: Project: /dev/null/inferredProject1* Version: 51 structureChanged: false Elapsed: 3.007599998265505ms
Info 210  [14:32:33.405] Different program with same set of files:: structureIsReused:: 2
Info 211  [14:32:37.929] Starting updateGraphWorker: Project: /dev/null/inferredProject1*
Info 212  [14:32:37.931] Finishing updateGraphWorker: Project: /dev/null/inferredProject1* Version: 52 structureChanged: false Elapsed: 2.350399998947978ms
Info 213  [14:32:37.931] Different program with same set of files:: structureIsReused:: 2
Info 214  [14:32:38.229] getCompletionData: Get current token: 0.007899999618530273
Info 215  [14:32:38.229] getCompletionData: Is inside comment: 0.030700000002980232
Info 216  [14:32:38.229] getCompletionData: Get previous token 1: 0.024799998849630356
Info 217  [14:32:38.229] getCompletionData: Get previous token 2: 0.041600000113248825
Info 218  [14:32:38.229] getCompletionsAtPosition: isCompletionListBlocker: 0.002399999648332596
Info 219  [14:32:38.231] getSymbolsFromOtherSourceFileExports: Using cached list
Info 220  [14:32:38.233] getCompletionData: Semantic work: 3.510299999266863
Info 221  [14:32:38.237] getCompletionsAtPosition: getCompletionEntriesFromSymbols: 4.278599999845028
Info 222  [14:32:38.677] Starting updateGraphWorker: Project: /dev/null/inferredProject1*
Info 223  [14:32:38.679] Finishing updateGraphWorker: Project: /dev/null/inferredProject1* Version: 53 structureChanged: false Elapsed: 2.4412999991327524ms
Info 224  [14:32:38.680] Different program with same set of files:: structureIsReused:: 2
Info 225  [14:32:39.178] Starting updateGraphWorker: Project: /dev/null/inferredProject1*
Info 226  [14:32:39.180] Finishing updateGraphWorker: Project: /dev/null/inferredProject1* Version: 54 structureChanged: false Elapsed: 2.0401000007987022ms
Info 227  [14:32:39.180] Different program with same set of files:: structureIsReused:: 2
Info 228  [14:32:39.545] Starting updateGraphWorker: Project: /dev/null/inferredProject1*
Info 229  [14:32:39.548] Finishing updateGraphWorker: Project: /dev/null/inferredProject1* Version: 55 structureChanged: false Elapsed: 3.3037999998778105ms
Info 230  [14:32:39.548] Different program with same set of files:: structureIsReused:: 2
Info 231  [14:32:39.845] getCompletionData: Get current token: 0.008400000631809235
Info 232  [14:32:39.845] getCompletionData: Is inside comment: 0.03020000085234642
Info 233  [14:32:39.845] getCompletionData: Get previous token 1: 0.02539999969303608
Info 234  [14:32:39.845] getCompletionData: Get previous token 2: 0.03930000029504299
Info 235  [14:32:39.845] getCompletionsAtPosition: isCompletionListBlocker: 0.010199999436736107
Info 236  [14:32:39.847] getSymbolsFromOtherSourceFileExports: Using cached list
Info 237  [14:32:39.848] getCompletionData: Semantic work: 2.97719999961555
Info 238  [14:32:39.851] getCompletionsAtPosition: getCompletionEntriesFromSymbols: 3.5262000001966953
Info 239  [14:32:40.199] Starting updateGraphWorker: Project: /dev/null/inferredProject1*
Info 240  [14:32:40.201] Finishing updateGraphWorker: Project: /dev/null/inferredProject1* Version: 56 structureChanged: false Elapsed: 2.280799999833107ms
Info 241  [14:32:40.201] Different program with same set of files:: structureIsReused:: 2
Info 242  [14:32:40.600] Starting updateGraphWorker: Project: /dev/null/inferredProject1*
Info 243  [14:32:40.603] Finishing updateGraphWorker: Project: /dev/null/inferredProject1* Version: 57 structureChanged: false Elapsed: 2.2631000000983477ms
Info 244  [14:32:40.603] Different program with same set of files:: structureIsReused:: 2
Info 245  [14:32:40.603] getCompletionData: Get current token: 0.025700001046061516
Info 246  [14:32:40.603] getCompletionData: Is inside comment: 0.006500000134110451
Info 247  [14:32:40.603] getCompletionData: Get previous token 1: 0.06079999916255474
Info 248  [14:32:40.603] getCompletionData: Get previous token 2: 0.04309999942779541
Info 249  [14:32:40.603] getCompletionsAtPosition: isCompletionListBlocker: 0.009800000116229057
Info 250  [14:32:40.605] getSymbolsFromOtherSourceFileExports: Recomputing list for details entry
Info 251  [14:32:40.605] forEachExternalModuleToImportFrom: filtered out 0 modules by package.json contents
Info 252  [14:32:40.608] getSymbolsFromOtherSourceFileExports: 3.214300001040101
Info 253  [14:32:40.610] getCompletionData: Semantic work: 6.615299999713898
Info 254  [14:32:42.290] Starting updateGraphWorker: Project: /dev/null/inferredProject1*
Info 255  [14:32:42.292] Finishing updateGraphWorker: Project: /dev/null/inferredProject1* Version: 58 structureChanged: false Elapsed: 2.115199999883771ms
Info 256  [14:32:42.292] Different program with same set of files:: structureIsReused:: 2
Info 257  [14:33:08.677] Starting updateGraphWorker: Project: /dev/null/inferredProject1*
Info 258  [14:33:08.679] Finishing updateGraphWorker: Project: /dev/null/inferredProject1* Version: 59 structureChanged: false Elapsed: 2.360799999907613ms
Info 259  [14:33:08.679] Different program with same set of files:: structureIsReused:: 2
Info 260  [14:33:08.977] Starting updateGraphWorker: Project: /dev/null/inferredProject1*
Info 261  [14:33:08.979] Finishing updateGraphWorker: Project: /dev/null/inferredProject1* Version: 60 structureChanged: false Elapsed: 1.9354999996721745ms
Info 262  [14:33:08.979] Different program with same set of files:: structureIsReused:: 2
Info 263  [14:33:09.585] Starting updateGraphWorker: Project: /dev/null/inferredProject1*
Info 264  [14:33:09.587] Finishing updateGraphWorker: Project: /dev/null/inferredProject1* Version: 61 structureChanged: false Elapsed: 1.877700001001358ms
Info 265  [14:33:09.587] Different program with same set of files:: structureIsReused:: 2
Info 266  [14:33:10.191] Starting updateGraphWorker: Project: /dev/null/inferredProject1*
Info 267  [14:33:10.194] Finishing updateGraphWorker: Project: /dev/null/inferredProject1* Version: 62 structureChanged: false Elapsed: 3.056199999526143ms
Info 268  [14:33:10.194] Different program with same set of files:: structureIsReused:: 2
Info 269  [14:33:10.491] Starting updateGraphWorker: Project: /dev/null/inferredProject1*
Info 270  [14:33:10.494] Finishing updateGraphWorker: Project: /dev/null/inferredProject1* Version: 63 structureChanged: false Elapsed: 2.1556000001728535ms
Info 271  [14:33:10.494] Different program with same set of files:: structureIsReused:: 2
Info 272  [14:33:11.137] Starting updateGraphWorker: Project: /dev/null/inferredProject1*
Info 273  [14:33:11.139] Finishing updateGraphWorker: Project: /dev/null/inferredProject1* Version: 64 structureChanged: false Elapsed: 1.9745999984443188ms
Info 274  [14:33:11.139] Different program with same set of files:: structureIsReused:: 2
Info 275  [14:33:11.634] Starting updateGraphWorker: Project: /dev/null/inferredProject1*
Info 276  [14:33:11.639] Finishing updateGraphWorker: Project: /dev/null/inferredProject1* Version: 65 structureChanged: false Elapsed: 4.99040000140667ms
Info 277  [14:33:11.639] Different program with same set of files:: structureIsReused:: 2
Info 278  [14:33:13.570] Starting updateGraphWorker: Project: /dev/null/inferredProject1*
Info 279  [14:33:13.574] Finishing updateGraphWorker: Project: /dev/null/inferredProject1* Version: 66 structureChanged: false Elapsed: 3.6239999998360872ms
Info 280  [14:33:13.574] Different program with same set of files:: structureIsReused:: 2
Info 281  [14:33:15.707] Starting updateGraphWorker: Project: /dev/null/inferredProject1*
Info 282  [14:33:15.711] Finishing updateGraphWorker: Project: /dev/null/inferredProject1* Version: 67 structureChanged: false Elapsed: 3.906700000166893ms
Info 283  [14:33:15.711] Different program with same set of files:: structureIsReused:: 2
Info 284  [14:33:16.963] Starting updateGraphWorker: Project: /dev/null/inferredProject1*
Info 285  [14:33:16.965] Finishing updateGraphWorker: Project: /dev/null/inferredProject1* Version: 68 structureChanged: false Elapsed: 2.0895000007003546ms
Info 286  [14:33:16.965] Different program with same set of files:: structureIsReused:: 2
Info 287  [14:33:20.831] Starting updateGraphWorker: Project: /dev/null/inferredProject1*
Info 288  [14:33:20.833] Finishing updateGraphWorker: Project: /dev/null/inferredProject1* Version: 69 structureChanged: false Elapsed: 2.2926000002771616ms
Info 289  [14:33:20.847] Different program with same set of files:: structureIsReused:: 2
Info 290  [14:33:21.196] Starting updateGraphWorker: Project: /dev/null/inferredProject1*
Info 291  [14:33:21.198] Finishing updateGraphWorker: Project: /dev/null/inferredProject1* Version: 70 structureChanged: false Elapsed: 2.1413000002503395ms
Info 292  [14:33:21.198] Different program with same set of files:: structureIsReused:: 2
Info 293  [14:33:33.172] Starting updateGraphWorker: Project: /dev/null/inferredProject1*
Info 294  [14:33:33.175] Finishing updateGraphWorker: Project: /dev/null/inferredProject1* Version: 71 structureChanged: false Elapsed: 2.5082999989390373ms
Info 295  [14:33:33.175] Different program with same set of files:: structureIsReused:: 2
Info 296  [14:33:35.917] Starting updateGraphWorker: Project: /dev/null/inferredProject1*
Info 297  [14:33:35.919] Finishing updateGraphWorker: Project: /dev/null/inferredProject1* Version: 72 structureChanged: false Elapsed: 2.402300000190735ms
Info 298  [14:33:35.919] Different program with same set of files:: structureIsReused:: 2
Info 299  [14:33:36.225] Starting updateGraphWorker: Project: /dev/null/inferredProject1*
Info 300  [14:33:36.228] Finishing updateGraphWorker: Project: /dev/null/inferredProject1* Version: 73 structureChanged: false Elapsed: 2.2691000010818243ms
Info 301  [14:33:36.228] Different program with same set of files:: structureIsReused:: 2
Info 302  [14:33:36.630] Starting updateGraphWorker: Project: /dev/null/inferredProject1*
Info 303  [14:33:36.632] Finishing updateGraphWorker: Project: /dev/null/inferredProject1* Version: 74 structureChanged: false Elapsed: 2.2440000008791685ms
Info 304  [14:33:36.632] Different program with same set of files:: structureIsReused:: 2
Info 305  [14:33:38.087] Starting updateGraphWorker: Project: /dev/null/inferredProject1*
Info 306  [14:33:38.090] Finishing updateGraphWorker: Project: /dev/null/inferredProject1* Version: 75 structureChanged: false Elapsed: 2.209400000050664ms
Info 307  [14:33:38.090] Different program with same set of files:: structureIsReused:: 2
Info 308  [14:33:38.387] getCompletionData: Get current token: 0.009199999272823334
Info 309  [14:33:38.387] getCompletionData: Is inside comment: 0.03689999878406525
Info 310  [14:33:38.402] getCompletionData: Get previous token 1: 0.03220000118017197
Info 311  [14:33:38.402] getCompletionData: Get previous token 2: 0.04449999891221523
Info 312  [14:33:38.402] getCompletionsAtPosition: isCompletionListBlocker: 0.013600001111626625
Info 313  [14:33:38.404] getSymbolsFromOtherSourceFileExports: Using cached list
Info 314  [14:33:38.405] getCompletionData: Semantic work: 3.0243999995291233
Info 315  [14:33:38.409] getCompletionsAtPosition: getCompletionEntriesFromSymbols: 4.37809999845922
Info 316  [14:33:38.900] Starting updateGraphWorker: Project: /dev/null/inferredProject1*
Info 317  [14:33:38.902] Finishing updateGraphWorker: Project: /dev/null/inferredProject1* Version: 76 structureChanged: false Elapsed: 1.9411999993026257ms
Info 318  [14:33:38.902] Different program with same set of files:: structureIsReused:: 2
Info 319  [14:33:39.279] Starting updateGraphWorker: Project: /dev/null/inferredProject1*
Info 320  [14:33:39.281] Finishing updateGraphWorker: Project: /dev/null/inferredProject1* Version: 77 structureChanged: false Elapsed: 1.7669999990612268ms
Info 321  [14:33:39.281] Different program with same set of files:: structureIsReused:: 2
Info 322  [14:33:39.281] getCompletionData: Get current token: 0.01809999905526638
Info 323  [14:33:39.281] getCompletionData: Is inside comment: 0.00559999980032444
Info 324  [14:33:39.281] getCompletionData: Get previous token 1: 0.026899999007582664
Info 325  [14:33:39.281] getCompletionData: Get previous token 2: 0.030400000512599945
Info 326  [14:33:39.281] getCompletionsAtPosition: isCompletionListBlocker: 0.007600000128149986
Info 327  [14:33:39.283] getSymbolsFromOtherSourceFileExports: Recomputing list for details entry
Info 328  [14:33:39.283] forEachExternalModuleToImportFrom: filtered out 0 modules by package.json contents
Info 329  [14:33:39.284] getSymbolsFromOtherSourceFileExports: 1.248199999332428
Info 330  [14:33:39.286] getCompletionData: Semantic work: 4.509800000116229
Info 331  [14:33:40.527] Starting updateGraphWorker: Project: /dev/null/inferredProject1*
Info 332  [14:33:40.529] Finishing updateGraphWorker: Project: /dev/null/inferredProject1* Version: 78 structureChanged: false Elapsed: 1.8573000002652407ms
Info 333  [14:33:40.529] Different program with same set of files:: structureIsReused:: 2
Info 334  [14:33:41.634] Starting updateGraphWorker: Project: /dev/null/inferredProject1*
Info 335  [14:33:41.639] Finishing updateGraphWorker: Project: /dev/null/inferredProject1* Version: 79 structureChanged: false Elapsed: 4.130300000309944ms
Info 336  [14:33:41.639] Different program with same set of files:: structureIsReused:: 2
Info 337  [14:33:42.314] Starting updateGraphWorker: Project: /dev/null/inferredProject1*
Info 338  [14:33:42.317] Finishing updateGraphWorker: Project: /dev/null/inferredProject1* Version: 80 structureChanged: false Elapsed: 2.206999998539686ms
Info 339  [14:33:42.317] Different program with same set of files:: structureIsReused:: 2
Info 340  [14:33:47.358] Starting updateGraphWorker: Project: /dev/null/inferredProject1*
Info 341  [14:33:47.360] Finishing updateGraphWorker: Project: /dev/null/inferredProject1* Version: 81 structureChanged: false Elapsed: 2.3912000004202127ms
Info 342  [14:33:47.361] Different program with same set of files:: structureIsReused:: 2
Info 343  [14:33:48.325] Starting updateGraphWorker: Project: /dev/null/inferredProject1*
Info 344  [14:33:48.327] Finishing updateGraphWorker: Project: /dev/null/inferredProject1* Version: 82 structureChanged: false Elapsed: 2.6578999999910593ms
Info 345  [14:33:48.327] Different program with same set of files:: structureIsReused:: 2
Info 346  [14:33:48.633] Starting updateGraphWorker: Project: /dev/null/inferredProject1*
Info 347  [14:33:48.635] Finishing updateGraphWorker: Project: /dev/null/inferredProject1* Version: 83 structureChanged: false Elapsed: 1.9041999988257885ms
Info 348  [14:33:48.635] Different program with same set of files:: structureIsReused:: 2
Info 349  [14:33:48.933] getCompletionData: Get current token: 0.009700000286102295
Info 350  [14:33:48.933] getCompletionData: Is inside comment: 0.031700000166893005
Info 351  [14:33:48.933] getCompletionData: Get previous token 1: 0.02539999969303608
Info 352  [14:33:48.933] getCompletionsAtPosition: isCompletionListBlocker: 0.005400000140070915
Info 353  [14:33:48.935] getCompletionData: Semantic work: 1.3293000012636185
Info 354  [14:33:48.935] getCompletionsAtPosition: getCompletionEntriesFromSymbols: 0.280799999833107
Info 355  [14:33:49.347] Starting updateGraphWorker: Project: /dev/null/inferredProject1*
Info 356  [14:33:49.349] Finishing updateGraphWorker: Project: /dev/null/inferredProject1* Version: 84 structureChanged: false Elapsed: 1.8917999994009733ms
Info 357  [14:33:49.349] Different program with same set of files:: structureIsReused:: 2
Info 358  [14:33:49.731] Starting updateGraphWorker: Project: /dev/null/inferredProject1*
Info 359  [14:33:49.734] Finishing updateGraphWorker: Project: /dev/null/inferredProject1* Version: 85 structureChanged: false Elapsed: 3.2658000010997057ms
Info 360  [14:33:49.734] Different program with same set of files:: structureIsReused:: 2
Info 361  [14:33:50.165] Starting updateGraphWorker: Project: /dev/null/inferredProject1*
Info 362  [14:33:50.167] Finishing updateGraphWorker: Project: /dev/null/inferredProject1* Version: 86 structureChanged: false Elapsed: 2.1996999997645617ms
Info 363  [14:33:50.167] Different program with same set of files:: structureIsReused:: 2
Info 364  [14:33:50.168] getCompletionData: Get current token: 0.02239999920129776
Info 365  [14:33:50.168] getCompletionData: Is inside comment: 0.00729999877512455
Info 366  [14:33:50.168] getCompletionData: Get previous token 1: 0.036900000646710396
Info 367  [14:33:50.168] getCompletionsAtPosition: isCompletionListBlocker: 0.0037000011652708054
Info 368  [14:33:50.168] getCompletionData: Semantic work: 0.3458999991416931
Info 369  [14:33:51.799] Starting updateGraphWorker: Project: /dev/null/inferredProject1*
Info 370  [14:33:51.802] Finishing updateGraphWorker: Project: /dev/null/inferredProject1* Version: 87 structureChanged: false Elapsed: 2.7546999994665384ms
Info 371  [14:33:51.802] Different program with same set of files:: structureIsReused:: 2
Info 372  [14:33:58.429] Starting updateGraphWorker: Project: /dev/null/inferredProject1*
Info 373  [14:33:58.431] Finishing updateGraphWorker: Project: /dev/null/inferredProject1* Version: 88 structureChanged: false Elapsed: 1.9272000007331371ms
Info 374  [14:33:58.431] Different program with same set of files:: structureIsReused:: 2
Info 375  [14:33:58.669] Starting updateGraphWorker: Project: /dev/null/inferredProject1*
Info 376  [14:33:58.671] Finishing updateGraphWorker: Project: /dev/null/inferredProject1* Version: 89 structureChanged: false Elapsed: 1.780799999833107ms
Info 377  [14:33:58.671] Different program with same set of files:: structureIsReused:: 2
Info 378  [14:33:58.783] Starting updateGraphWorker: Project: /dev/null/inferredProject1*
Info 379  [14:33:58.785] Finishing updateGraphWorker: Project: /dev/null/inferredProject1* Version: 90 structureChanged: false Elapsed: 1.821399999782443ms
Info 380  [14:33:58.785] Different program with same set of files:: structureIsReused:: 2
Info 381  [14:33:59.285] getCompletionData: Get current token: 0.009199999272823334
Info 382  [14:33:59.285] getCompletionData: Is inside comment: 0.08860000036656857
Info 383  [14:33:59.285] getCompletionData: Get previous token 1: 0.0913000013679266
Info 384  [14:33:59.285] getCompletionData: Get previous token 2: 0.1598000004887581
Info 385  [14:33:59.285] getCompletionsAtPosition: isCompletionListBlocker: 0.050599999725818634
Info 386  [14:33:59.287] getSymbolsFromOtherSourceFileExports: Using cached list
Info 387  [14:33:59.288] getCompletionData: Semantic work: 2.5500999987125397
Info 388  [14:33:59.291] getCompletionsAtPosition: getCompletionEntriesFromSymbols: 2.8355000000447035
Info 389  [14:33:59.839] Starting updateGraphWorker: Project: /dev/null/inferredProject1*
Info 390  [14:33:59.841] Finishing updateGraphWorker: Project: /dev/null/inferredProject1* Version: 91 structureChanged: false Elapsed: 1.896399999037385ms
Info 391  [14:33:59.841] Different program with same set of files:: structureIsReused:: 2
Info 392  [14:33:59.841] getCompletionData: Get current token: 0.017400000244379044
Info 393  [14:33:59.841] getCompletionData: Is inside comment: 0.005699999630451202
Info 394  [14:33:59.841] getCompletionData: Get previous token 1: 0.03479999862611294
Info 395  [14:33:59.841] getCompletionData: Get previous token 2: 0.02709999866783619
Info 396  [14:33:59.841] getCompletionsAtPosition: isCompletionListBlocker: 0.007699999958276749
Info 397  [14:33:59.843] getSymbolsFromOtherSourceFileExports: Recomputing list for details entry
Info 398  [14:33:59.843] forEachExternalModuleToImportFrom: filtered out 0 modules by package.json contents
Info 399  [14:33:59.845] getSymbolsFromOtherSourceFileExports: 1.4290999993681908
Info 400  [14:33:59.846] getCompletionData: Semantic work: 4.823499999940395
Info 401  [14:34:00.484] Starting updateGraphWorker: Project: /dev/null/inferredProject1*
Info 402  [14:34:00.486] Finishing updateGraphWorker: Project: /dev/null/inferredProject1* Version: 92 structureChanged: false Elapsed: 1.8613999988883734ms
Info 403  [14:34:00.486] Different program with same set of files:: structureIsReused:: 2
Info 404  [14:34:00.677] Starting updateGraphWorker: Project: /dev/null/inferredProject1*
Info 405  [14:34:00.679] Finishing updateGraphWorker: Project: /dev/null/inferredProject1* Version: 93 structureChanged: false Elapsed: 2.1041999999433756ms
Info 406  [14:34:00.679] Different program with same set of files:: structureIsReused:: 2
Info 407  [14:34:01.537] Starting updateGraphWorker: Project: /dev/null/inferredProject1*
Info 408  [14:34:01.539] Finishing updateGraphWorker: Project: /dev/null/inferredProject1* Version: 94 structureChanged: false Elapsed: 2.261200001463294ms
Info 409  [14:34:01.539] Different program with same set of files:: structureIsReused:: 2
Info 410  [14:34:02.674] Starting updateGraphWorker: Project: /dev/null/inferredProject1*
Info 411  [14:34:02.676] Finishing updateGraphWorker: Project: /dev/null/inferredProject1* Version: 95 structureChanged: false Elapsed: 2.27449999935925ms
Info 412  [14:34:02.676] Different program with same set of files:: structureIsReused:: 2
Info 413  [14:34:02.920] Starting updateGraphWorker: Project: /dev/null/inferredProject1*
Info 414  [14:34:02.922] Finishing updateGraphWorker: Project: /dev/null/inferredProject1* Version: 96 structureChanged: false Elapsed: 1.9548000004142523ms
Info 415  [14:34:02.922] Different program with same set of files:: structureIsReused:: 2
Info 416  [14:34:03.525] Starting updateGraphWorker: Project: /dev/null/inferredProject1*
Info 417  [14:34:03.527] Finishing updateGraphWorker: Project: /dev/null/inferredProject1* Version: 97 structureChanged: false Elapsed: 2.0024999994784594ms
Info 418  [14:34:03.539] Different program with same set of files:: structureIsReused:: 2
Info 419  [14:34:03.539] Starting updateGraphWorker: Project: /dev/null/inferredProject1*
Info 420  [14:34:03.541] Finishing updateGraphWorker: Project: /dev/null/inferredProject1* Version: 98 structureChanged: false Elapsed: 1.938299998641014ms
Info 421  [14:34:03.541] Different program with same set of files:: structureIsReused:: 2
Info 422  [14:34:05.177] Starting updateGraphWorker: Project: /dev/null/inferredProject1*
Info 423  [14:34:05.179] Finishing updateGraphWorker: Project: /dev/null/inferredProject1* Version: 99 structureChanged: false Elapsed: 1.9156999997794628ms
Info 424  [14:34:05.179] Different program with same set of files:: structureIsReused:: 2
Info 425  [14:34:05.615] Starting updateGraphWorker: Project: /dev/null/inferredProject1*
Info 426  [14:34:05.617] Finishing updateGraphWorker: Project: /dev/null/inferredProject1* Version: 100 structureChanged: false Elapsed: 2.2637000009417534ms
Info 427  [14:34:05.617] Different program with same set of files:: structureIsReused:: 2
Info 428  [14:34:05.914] getCompletionData: Get current token: 0.009400000795722008
Info 429  [14:34:05.914] getCompletionData: Is inside comment: 0.03239999897778034
Info 430  [14:34:05.914] getCompletionData: Get previous token 1: 0.025499999523162842
Info 431  [14:34:05.915] getCompletionData: Get previous token 2: 0.03569999895989895
Info 432  [14:34:05.915] getCompletionsAtPosition: isCompletionListBlocker: 0.0142000000923872
Info 433  [14:34:05.917] getSymbolsFromOtherSourceFileExports: Using cached list
Info 434  [14:34:05.918] getCompletionData: Semantic work: 3.084799999371171
Info 435  [14:34:05.922] getCompletionsAtPosition: getCompletionEntriesFromSymbols: 3.587899999693036
Info 436  [14:34:06.247] Starting updateGraphWorker: Project: /dev/null/inferredProject1*
Info 437  [14:34:06.249] Finishing updateGraphWorker: Project: /dev/null/inferredProject1* Version: 101 structureChanged: false Elapsed: 2.000100001692772ms
Info 438  [14:34:06.249] Different program with same set of files:: structureIsReused:: 2
Info 439  [14:34:06.471] Starting updateGraphWorker: Project: /dev/null/inferredProject1*
Info 440  [14:34:06.473] Finishing updateGraphWorker: Project: /dev/null/inferredProject1* Version: 102 structureChanged: false Elapsed: 2.277599999681115ms
Info 441  [14:34:06.473] Different program with same set of files:: structureIsReused:: 2
Info 442  [14:34:06.770] getCompletionData: Get current token: 0.007999999448657036
Info 443  [14:34:06.770] getCompletionData: Is inside comment: 0.028300000354647636
Info 444  [14:34:06.770] getCompletionData: Get previous token 1: 0.021700000390410423
Info 445  [14:34:06.770] getCompletionData: Get previous token 2: 0.03140000067651272
Info 446  [14:34:06.770] getCompletionsAtPosition: isCompletionListBlocker: 0.0038000009953975677
Info 447  [14:34:06.771] getCompletionData: Semantic work: 0.37460000067949295
Info 448  [14:34:06.771] getCompletionsAtPosition: getCompletionEntriesFromSymbols: 0.20820000022649765
Info 449  [14:34:07.228] Starting updateGraphWorker: Project: /dev/null/inferredProject1*
Info 450  [14:34:07.231] Finishing updateGraphWorker: Project: /dev/null/inferredProject1* Version: 103 structureChanged: false Elapsed: 2.8720999993383884ms
Info 451  [14:34:07.231] Different program with same set of files:: structureIsReused:: 2
Info 452  [14:34:07.231] getCompletionData: Get current token: 0.018200000748038292
Info 453  [14:34:07.231] getCompletionData: Is inside comment: 0.006400000303983688
Info 454  [14:34:07.231] getCompletionData: Get previous token 1: 0.03100000135600567
Info 455  [14:34:07.231] getCompletionData: Get previous token 2: 0.0276000015437603
Info 456  [14:34:07.231] getCompletionsAtPosition: isCompletionListBlocker: 0.0025999993085861206
Info 457  [14:34:07.232] getCompletionData: Semantic work: 0.3328999988734722
Info 458  [14:34:07.633] Starting updateGraphWorker: Project: /dev/null/inferredProject1*
Info 459  [14:34:07.636] Finishing updateGraphWorker: Project: /dev/null/inferredProject1* Version: 104 structureChanged: false Elapsed: 2.477599998936057ms
Info 460  [14:34:07.636] Different program with same set of files:: structureIsReused:: 2
Info 461  [14:34:11.518] Starting updateGraphWorker: Project: /dev/null/inferredProject1*
Info 462  [14:34:11.525] Finishing updateGraphWorker: Project: /dev/null/inferredProject1* Version: 105 structureChanged: false Elapsed: 6.605100000277162ms
Info 463  [14:34:11.525] Different program with same set of files:: structureIsReused:: 2
Info 464  [14:34:11.768] Starting updateGraphWorker: Project: /dev/null/inferredProject1*
Info 465  [14:34:11.770] Finishing updateGraphWorker: Project: /dev/null/inferredProject1* Version: 106 structureChanged: false Elapsed: 1.9047999996691942ms
Info 466  [14:34:11.770] Different program with same set of files:: structureIsReused:: 2
Info 467  [14:34:11.970] Starting updateGraphWorker: Project: /dev/null/inferredProject1*
Info 468  [14:34:11.975] Finishing updateGraphWorker: Project: /dev/null/inferredProject1* Version: 107 structureChanged: false Elapsed: 5.1943999994546175ms
Info 469  [14:34:11.975] Different program with same set of files:: structureIsReused:: 2
Info 470  [14:34:12.034] Starting updateGraphWorker: Project: /dev/null/inferredProject1*
Info 471  [14:34:12.036] Finishing updateGraphWorker: Project: /dev/null/inferredProject1* Version: 108 structureChanged: false Elapsed: 2.116900000721216ms
Info 472  [14:34:12.036] Different program with same set of files:: structureIsReused:: 2
Info 473  [14:34:12.535] getCompletionData: Get current token: 0.008700000122189522
Info 474  [14:34:12.535] getCompletionData: Is inside comment: 0.03689999878406525
Info 475  [14:34:12.535] getCompletionData: Get previous token 1: 0.026399999856948853
Info 476  [14:34:12.535] getCompletionData: Get previous token 2: 0.036399999633431435
Info 477  [14:34:12.535] getCompletionsAtPosition: isCompletionListBlocker: 0.005199998617172241
Info 478  [14:34:12.537] getSymbolsFromOtherSourceFileExports: Using cached list
Info 479  [14:34:12.539] getCompletionData: Semantic work: 4.018099999055266
Info 480  [14:34:12.544] getCompletionsAtPosition: getCompletionEntriesFromSymbols: 4.386299999430776
Info 481  [14:34:13.103] Starting updateGraphWorker: Project: /dev/null/inferredProject1*
Info 482  [14:34:13.105] Finishing updateGraphWorker: Project: /dev/null/inferredProject1* Version: 109 structureChanged: false Elapsed: 1.81700000166893ms
Info 483  [14:34:13.105] Different program with same set of files:: structureIsReused:: 2
Info 484  [14:34:13.105] getCompletionData: Get current token: 0.017400000244379044
Info 485  [14:34:13.105] getCompletionData: Is inside comment: 0.007000001147389412
Info 486  [14:34:13.105] getCompletionData: Get previous token 1: 0.0357000008225441
Info 487  [14:34:13.105] getCompletionData: Get previous token 2: 0.028599999845027924
Info 488  [14:34:13.105] getCompletionsAtPosition: isCompletionListBlocker: 0.003199998289346695
Info 489  [14:34:13.108] getSymbolsFromOtherSourceFileExports: Recomputing list for details entry
Info 490  [14:34:13.108] forEachExternalModuleToImportFrom: filtered out 0 modules by package.json contents
Info 491  [14:34:13.109] getSymbolsFromOtherSourceFileExports: 1.250399999320507
Info 492  [14:34:13.109] getCompletionData: Semantic work: 3.8305999990552664
Info 493  [14:34:13.495] Starting updateGraphWorker: Project: /dev/null/inferredProject1*
Info 494  [14:34:13.497] Finishing updateGraphWorker: Project: /dev/null/inferredProject1* Version: 110 structureChanged: false Elapsed: 2.1485000010579824ms
Info 495  [14:34:13.498] Different program with same set of files:: structureIsReused:: 2
Info 496  [14:34:13.773] Starting updateGraphWorker: Project: /dev/null/inferredProject1*
Info 497  [14:34:13.775] Finishing updateGraphWorker: Project: /dev/null/inferredProject1* Version: 111 structureChanged: false Elapsed: 1.8155000004917383ms
Info 498  [14:34:13.775] Different program with same set of files:: structureIsReused:: 2
Info 499  [14:34:14.274] getCompletionData: Get current token: 0.009400000795722008
Info 500  [14:34:14.274] getCompletionData: Is inside comment: 0.04959999956190586
Info 501  [14:34:14.274] getCompletionData: Get previous token 1: 0.030799999833106995
Info 502  [14:34:14.274] getCompletionData: Get previous token 2: 0.04179999977350235
Info 503  [14:34:14.275] getCompletionsAtPosition: isCompletionListBlocker: 0.0035999994724988937
Info 504  [14:34:14.275] getCompletionData: Semantic work: 0.367900000885129
Info 505  [14:34:14.275] getCompletionsAtPosition: getCompletionEntriesFromSymbols: 0.0016000010073184967
Info 506  [14:34:14.454] Starting updateGraphWorker: Project: /dev/null/inferredProject1*
Info 507  [14:34:14.458] Finishing updateGraphWorker: Project: /dev/null/inferredProject1* Version: 112 structureChanged: false Elapsed: 3.516000000759959ms
Info 508  [14:34:14.458] Different program with same set of files:: structureIsReused:: 2
Info 509  [14:34:15.442] Starting updateGraphWorker: Project: /dev/null/inferredProject1*
Info 510  [14:34:15.444] Finishing updateGraphWorker: Project: /dev/null/inferredProject1* Version: 113 structureChanged: false Elapsed: 2.035299999639392ms
Info 511  [14:34:15.444] Different program with same set of files:: structureIsReused:: 2
Info 512  [14:34:15.612] Starting updateGraphWorker: Project: /dev/null/inferredProject1*
Info 513  [14:34:15.614] Finishing updateGraphWorker: Project: /dev/null/inferredProject1* Version: 114 structureChanged: false Elapsed: 2.1188999991863966ms
Info 514  [14:34:15.614] Different program with same set of files:: structureIsReused:: 2
Info 515  [14:34:15.736] Starting updateGraphWorker: Project: /dev/null/inferredProject1*
Info 516  [14:34:15.738] Finishing updateGraphWorker: Project: /dev/null/inferredProject1* Version: 115 structureChanged: false Elapsed: 1.7807000000029802ms
Info 517  [14:34:15.738] Different program with same set of files:: structureIsReused:: 2
Info 518  [14:34:15.850] Starting updateGraphWorker: Project: /dev/null/inferredProject1*
Info 519  [14:34:15.852] Finishing updateGraphWorker: Project: /dev/null/inferredProject1* Version: 116 structureChanged: false Elapsed: 2.244200000539422ms
Info 520  [14:34:15.852] Different program with same set of files:: structureIsReused:: 2
Info 521  [14:34:16.978] Starting updateGraphWorker: Project: /dev/null/inferredProject1*
Info 522  [14:34:16.980] Finishing updateGraphWorker: Project: /dev/null/inferredProject1* Version: 117 structureChanged: false Elapsed: 2.1639999989420176ms
Info 523  [14:34:16.992] Different program with same set of files:: structureIsReused:: 2
Info 524  [14:34:20.619] Starting updateGraphWorker: Project: /dev/null/inferredProject1*
Info 525  [14:34:20.621] Finishing updateGraphWorker: Project: /dev/null/inferredProject1* Version: 118 structureChanged: false Elapsed: 1.8098999988287687ms
Info 526  [14:34:20.621] Different program with same set of files:: structureIsReused:: 2
Info 527  [14:34:21.678] Starting updateGraphWorker: Project: /dev/null/inferredProject1*
Info 528  [14:34:21.680] Finishing updateGraphWorker: Project: /dev/null/inferredProject1* Version: 119 structureChanged: false Elapsed: 2.278500000014901ms
Info 529  [14:34:21.680] Different program with same set of files:: structureIsReused:: 2
Info 530  [14:34:22.026] Starting updateGraphWorker: Project: /dev/null/inferredProject1*
Info 531  [14:34:22.028] Finishing updateGraphWorker: Project: /dev/null/inferredProject1* Version: 120 structureChanged: false Elapsed: 1.8761999998241663ms
Info 532  [14:34:22.040] Different program with same set of files:: structureIsReused:: 2
Info 533  [14:34:22.578] Starting updateGraphWorker: Project: /dev/null/inferredProject1*
Info 534  [14:34:22.580] Finishing updateGraphWorker: Project: /dev/null/inferredProject1* Version: 121 structureChanged: false Elapsed: 2.143400000408292ms
Info 535  [14:34:22.580] Different program with same set of files:: structureIsReused:: 2
Info 536  [14:34:22.957] Starting updateGraphWorker: Project: /dev/null/inferredProject1*
Info 537  [14:34:22.959] Finishing updateGraphWorker: Project: /dev/null/inferredProject1* Version: 122 structureChanged: false Elapsed: 1.8503000009804964ms
Info 538  [14:34:22.959] Different program with same set of files:: structureIsReused:: 2
Info 539  [14:34:23.388] Starting updateGraphWorker: Project: /dev/null/inferredProject1*
Info 540  [14:34:23.390] Finishing updateGraphWorker: Project: /dev/null/inferredProject1* Version: 123 structureChanged: false Elapsed: 2.0384999997913837ms
Info 541  [14:34:23.390] Different program with same set of files:: structureIsReused:: 2
Info 542  [14:34:23.675] Starting updateGraphWorker: Project: /dev/null/inferredProject1*
Info 543  [14:34:23.678] Finishing updateGraphWorker: Project: /dev/null/inferredProject1* Version: 124 structureChanged: false Elapsed: 2.0423000007867813ms
Info 544  [14:34:23.678] Different program with same set of files:: structureIsReused:: 2
Info 545  [14:34:27.807] Starting updateGraphWorker: Project: /dev/null/inferredProject1*
Info 546  [14:34:27.809] Finishing updateGraphWorker: Project: /dev/null/inferredProject1* Version: 125 structureChanged: false Elapsed: 2.0837000012397766ms
Info 547  [14:34:27.809] Different program with same set of files:: structureIsReused:: 2
Info 548  [14:34:28.043] Starting updateGraphWorker: Project: /dev/null/inferredProject1*
Info 549  [14:34:28.045] Finishing updateGraphWorker: Project: /dev/null/inferredProject1* Version: 126 structureChanged: false Elapsed: 2.077300000935793ms
Info 550  [14:34:28.045] Different program with same set of files:: structureIsReused:: 2
Info 551  [14:34:29.114] Starting updateGraphWorker: Project: /dev/null/inferredProject1*
Info 552  [14:34:29.117] Finishing updateGraphWorker: Project: /dev/null/inferredProject1* Version: 127 structureChanged: false Elapsed: 2.165999999269843ms
Info 553  [14:34:29.117] Different program with same set of files:: structureIsReused:: 2
Info 554  [14:34:29.414] getCompletionData: Get current token: 0.012400001287460327
Info 555  [14:34:29.414] getCompletionData: Is inside comment: 0.04350000061094761
Info 556  [14:34:29.414] getCompletionData: Get previous token 1: 0.03589999862015247
Info 557  [14:34:29.414] getCompletionData: Get previous token 2: 0.034699998795986176
Info 558  [14:34:29.414] getCompletionsAtPosition: isCompletionListBlocker: 0.0030999984592199326
Info 559  [14:34:29.416] getSymbolsFromOtherSourceFileExports: Using cached list
Info 560  [14:34:29.417] getCompletionData: Semantic work: 3.160199999809265
Info 561  [14:34:29.420] getCompletionsAtPosition: getCompletionEntriesFromSymbols: 3.1944999992847443
Info 562  [14:34:30.010] Starting updateGraphWorker: Project: /dev/null/inferredProject1*
Info 563  [14:34:30.012] Finishing updateGraphWorker: Project: /dev/null/inferredProject1* Version: 128 structureChanged: false Elapsed: 2.0052000004798174ms
Info 564  [14:34:30.012] Different program with same set of files:: structureIsReused:: 2
Info 565  [14:34:30.012] getCompletionData: Get current token: 0.016999999061226845
Info 566  [14:34:30.012] getCompletionData: Is inside comment: 0.00559999980032444
Info 567  [14:34:30.012] getCompletionData: Get previous token 1: 0.03479999862611294
Info 568  [14:34:30.012] getCompletionData: Get previous token 2: 0.02709999866783619
Info 569  [14:34:30.012] getCompletionsAtPosition: isCompletionListBlocker: 0.0025999993085861206
Info 570  [14:34:30.016] getSymbolsFromOtherSourceFileExports: Recomputing list for details entry
Info 571  [14:34:30.016] forEachExternalModuleToImportFrom: filtered out 0 modules by package.json contents
Info 572  [14:34:30.017] getSymbolsFromOtherSourceFileExports: 1.3123000003397465
Info 573  [14:34:30.018] getCompletionData: Semantic work: 6.025099998340011
Info 574  [14:34:30.374] Starting updateGraphWorker: Project: /dev/null/inferredProject1*
Info 575  [14:34:30.376] Finishing updateGraphWorker: Project: /dev/null/inferredProject1* Version: 129 structureChanged: false Elapsed: 1.8764999993145466ms
Info 576  [14:34:30.376] Different program with same set of files:: structureIsReused:: 2
Info 577  [14:34:31.635] Starting updateGraphWorker: Project: /dev/null/inferredProject1*
Info 578  [14:34:31.638] Finishing updateGraphWorker: Project: /dev/null/inferredProject1* Version: 130 structureChanged: false Elapsed: 2.6703999992460012ms
Info 579  [14:34:31.638] Different program with same set of files:: structureIsReused:: 2
Info 580  [14:34:37.930] Starting updateGraphWorker: Project: /dev/null/inferredProject1*
Info 581  [14:34:37.932] Finishing updateGraphWorker: Project: /dev/null/inferredProject1* Version: 131 structureChanged: false Elapsed: 2.425900001078844ms
Info 582  [14:34:37.932] Different program with same set of files:: structureIsReused:: 2
Info 583  [14:34:38.873] Starting updateGraphWorker: Project: /dev/null/inferredProject1*
Info 584  [14:34:38.875] Finishing updateGraphWorker: Project: /dev/null/inferredProject1* Version: 132 structureChanged: false Elapsed: 2.21169999986887ms
Info 585  [14:34:38.875] Different program with same set of files:: structureIsReused:: 2
Info 586  [14:34:40.704] Starting updateGraphWorker: Project: /dev/null/inferredProject1*
Info 587  [14:34:40.705] Finishing updateGraphWorker: Project: /dev/null/inferredProject1* Version: 133 structureChanged: false Elapsed: 1.8247999995946884ms
Info 588  [14:34:40.705] Different program with same set of files:: structureIsReused:: 2
Info 589  [14:34:41.367] Starting updateGraphWorker: Project: /dev/null/inferredProject1*
Info 590  [14:34:41.370] Finishing updateGraphWorker: Project: /dev/null/inferredProject1* Version: 134 structureChanged: false Elapsed: 2.434000000357628ms
Info 591  [14:34:41.370] Different program with same set of files:: structureIsReused:: 2
Info 592  [14:34:43.215] Starting updateGraphWorker: Project: /dev/null/inferredProject1*
Info 593  [14:34:43.217] Finishing updateGraphWorker: Project: /dev/null/inferredProject1* Version: 135 structureChanged: false Elapsed: 2.1162999998778105ms
Info 594  [14:34:43.229] Different program with same set of files:: structureIsReused:: 2
Info 595  [14:34:43.515] getCompletionData: Get current token: 0.014100000262260437
Info 596  [14:34:43.515] getCompletionData: Is inside comment: 0.00430000014603138
Info 597  [14:34:43.515] getCompletionData: Get previous token 1: 0.054999999701976776
Info 598  [14:34:43.515] getCompletionsAtPosition: isCompletionListBlocker: 0.07189999893307686
Info 599  [14:34:43.517] getSymbolsFromOtherSourceFileExports: Using cached list
Info 600  [14:34:43.518] getCompletionData: Semantic work: 3.145399998873472
Info 601  [14:34:43.527] getCompletionsAtPosition: getCompletionEntriesFromSymbols: 3.1006000004708767
Info 602  [14:34:45.168] Starting updateGraphWorker: Project: /dev/null/inferredProject1*
Info 603  [14:34:45.170] Finishing updateGraphWorker: Project: /dev/null/inferredProject1* Version: 136 structureChanged: false Elapsed: 2.2993000000715256ms
Info 604  [14:34:45.170] Different program with same set of files:: structureIsReused:: 2
Info 605  [14:35:42.095] Starting updateGraphWorker: Project: /dev/null/inferredProject1*
Info 606  [14:35:42.098] Finishing updateGraphWorker: Project: /dev/null/inferredProject1* Version: 137 structureChanged: false Elapsed: 3.060199998319149ms
Info 607  [14:35:42.098] Different program with same set of files:: structureIsReused:: 2
Info 608  [14:35:45.688] Starting updateGraphWorker: Project: /dev/null/inferredProject1*
Info 609  [14:35:45.691] Finishing updateGraphWorker: Project: /dev/null/inferredProject1* Version: 138 structureChanged: false Elapsed: 3.307599999010563ms
Info 610  [14:35:45.692] Different program with same set of files:: structureIsReused:: 2
Info 611  [14:35:45.989] getCompletionData: Get current token: 0.015300000086426735
Info 612  [14:35:45.989] getCompletionData: Is inside comment: 0.03270000033080578
Info 613  [14:35:45.989] getCompletionData: Get previous token 1: 0.024699999019503593
Info 614  [14:35:45.989] getCompletionData: Get previous token 2: 0.024399999529123306
Info 615  [14:35:45.989] getCompletionsAtPosition: isCompletionListBlocker: 0.003899998962879181
Info 616  [14:35:45.991] getSymbolsFromOtherSourceFileExports: Using cached list
Info 617  [14:35:45.991] getCompletionData: Semantic work: 2.0010999999940395
Info 618  [14:35:45.995] getCompletionsAtPosition: getCompletionEntriesFromSymbols: 3.4403999987989664
Info 619  [14:35:46.587] Starting updateGraphWorker: Project: /dev/null/inferredProject1*
Info 620  [14:35:46.590] Finishing updateGraphWorker: Project: /dev/null/inferredProject1* Version: 139 structureChanged: false Elapsed: 2.593699999153614ms
Info 621  [14:35:46.590] Different program with same set of files:: structureIsReused:: 2
Info 622  [14:35:47.175] Starting updateGraphWorker: Project: /dev/null/inferredProject1*
Info 623  [14:35:47.178] Finishing updateGraphWorker: Project: /dev/null/inferredProject1* Version: 140 structureChanged: false Elapsed: 3.3064000010490417ms
Info 624  [14:35:47.189] Different program with same set of files:: structureIsReused:: 2
Info 625  [14:35:47.189] getCompletionData: Get current token: 0.022100001573562622
Info 626  [14:35:47.189] getCompletionData: Is inside comment: 0.007300000637769699
Info 627  [14:35:47.189] getCompletionData: Get previous token 1: 0.03739999979734421
Info 628  [14:35:47.189] getCompletionData: Get previous token 2: 0.0284000001847744
Info 629  [14:35:47.189] getCompletionsAtPosition: isCompletionListBlocker: 0.0035999994724988937
Info 630  [14:35:47.192] getSymbolsFromOtherSourceFileExports: Recomputing list for details entry
Info 631  [14:35:47.192] forEachExternalModuleToImportFrom: filtered out 0 modules by package.json contents
Info 632  [14:35:47.193] getSymbolsFromOtherSourceFileExports: 1.3748000003397465
Info 633  [14:35:47.193] getCompletionData: Semantic work: 3.653899999335408
Info 634  [14:35:47.675] Starting updateGraphWorker: Project: /dev/null/inferredProject1*
Info 635  [14:35:47.678] Finishing updateGraphWorker: Project: /dev/null/inferredProject1* Version: 141 structureChanged: false Elapsed: 2.8971999995410442ms
Info 636  [14:35:47.678] Different program with same set of files:: structureIsReused:: 2
Info 637  [14:35:48.316] Starting updateGraphWorker: Project: /dev/null/inferredProject1*
Info 638  [14:35:48.319] Finishing updateGraphWorker: Project: /dev/null/inferredProject1* Version: 142 structureChanged: false Elapsed: 2.3732999991625547ms
Info 639  [14:35:48.319] Different program with same set of files:: structureIsReused:: 2
Info 640  [14:35:48.617] getCompletionData: Get current token: 0.010700000450015068
Info 641  [14:35:48.617] getCompletionData: Is inside comment: 0.03359999880194664
Info 642  [14:35:48.617] getCompletionData: Get previous token 1: 0.026799999177455902
Info 643  [14:35:48.617] getCompletionData: Get previous token 2: 0.03219999931752682
Info 644  [14:35:48.617] getCompletionsAtPosition: isCompletionListBlocker: 0.002499999478459358
Info 645  [14:35:48.623] getCompletionData: Semantic work: 5.964800000190735
Info 646  [14:35:48.623] getCompletionsAtPosition: getCompletionEntriesFromSymbols: 0.0013000015169382095
Info 647  [14:35:49.188] Starting updateGraphWorker: Project: /dev/null/inferredProject1*
Info 648  [14:35:49.190] Finishing updateGraphWorker: Project: /dev/null/inferredProject1* Version: 143 structureChanged: false Elapsed: 1.944599999114871ms
Info 649  [14:35:49.190] Different program with same set of files:: structureIsReused:: 2
Info 650  [14:35:50.059] Starting updateGraphWorker: Project: /dev/null/inferredProject1*
Info 651  [14:35:50.061] Finishing updateGraphWorker: Project: /dev/null/inferredProject1* Version: 144 structureChanged: false Elapsed: 2.0391000006347895ms
Info 652  [14:35:50.062] Different program with same set of files:: structureIsReused:: 2
Info 653  [14:35:50.357] Starting updateGraphWorker: Project: /dev/null/inferredProject1*
Info 654  [14:35:50.361] Finishing updateGraphWorker: Project: /dev/null/inferredProject1* Version: 145 structureChanged: false Elapsed: 4.056800000369549ms
Info 655  [14:35:50.361] Different program with same set of files:: structureIsReused:: 2
Info 656  [14:35:50.881] Starting updateGraphWorker: Project: /dev/null/inferredProject1*
Info 657  [14:35:50.885] Finishing updateGraphWorker: Project: /dev/null/inferredProject1* Version: 146 structureChanged: false Elapsed: 3.3971999995410442ms
Info 658  [14:35:50.885] Different program with same set of files:: structureIsReused:: 2
Info 659  [14:35:52.648] Starting updateGraphWorker: Project: /dev/null/inferredProject1*
Info 660  [14:35:52.650] Finishing updateGraphWorker: Project: /dev/null/inferredProject1* Version: 147 structureChanged: false Elapsed: 1.8739000000059605ms
Info 661  [14:35:52.664] Different program with same set of files:: structureIsReused:: 2
Info 662  [14:35:52.948] getCompletionData: Get current token: 0.012600000947713852
Info 663  [14:35:52.948] getCompletionData: Is inside comment: 0.03320000134408474
Info 664  [14:35:52.948] getCompletionData: Get previous token 1: 0.028699999675154686
Info 665  [14:35:52.948] getCompletionData: Get previous token 2: 0.034199999645352364
Info 666  [14:35:52.948] getCompletionsAtPosition: isCompletionListBlocker: 0.07809999957680702
Info 667  [14:35:52.950] getSymbolsFromOtherSourceFileExports: Using cached list
Info 668  [14:35:52.951] getCompletionData: Semantic work: 2.926299998536706
Info 669  [14:35:52.959] getCompletionsAtPosition: getCompletionEntriesFromSymbols: 2.5301999989897013
Info 670  [14:35:54.471] Starting updateGraphWorker: Project: /dev/null/inferredProject1*
Info 671  [14:35:54.474] Finishing updateGraphWorker: Project: /dev/null/inferredProject1* Version: 148 structureChanged: false Elapsed: 2.2859000004827976ms
Info 672  [14:35:54.474] Different program with same set of files:: structureIsReused:: 2
Info 673  [14:36:00.530] Starting updateGraphWorker: Project: /dev/null/inferredProject1*
Info 674  [14:36:00.532] Finishing updateGraphWorker: Project: /dev/null/inferredProject1* Version: 149 structureChanged: false Elapsed: 1.8526000007987022ms
Info 675  [14:36:00.532] Different program with same set of files:: structureIsReused:: 2
Info 676  [14:36:05.077] Starting updateGraphWorker: Project: /dev/null/inferredProject1*
Info 677  [14:36:05.080] Finishing updateGraphWorker: Project: /dev/null/inferredProject1* Version: 150 structureChanged: false Elapsed: 2.426799999549985ms
Info 678  [14:36:05.080] Different program with same set of files:: structureIsReused:: 2
Info 679  [14:36:05.378] getCompletionData: Get current token: 0.007699999958276749
Info 680  [14:36:05.378] getCompletionData: Is inside comment: 0.02930000051856041
Info 681  [14:36:05.378] getCompletionData: Get previous token 1: 0.018300000578165054
Info 682  [14:36:05.378] getCompletionData: Get previous token 2: 0.03490000031888485
Info 683  [14:36:05.378] getCompletionsAtPosition: isCompletionListBlocker: 0.009800000116229057
Info 684  [14:36:05.381] getSymbolsFromOtherSourceFileExports: Using cached list
Info 685  [14:36:05.383] getCompletionData: Semantic work: 4.925100000575185
Info 686  [14:36:05.387] getCompletionsAtPosition: getCompletionEntriesFromSymbols: 4.04839999973774
Info 687  [14:36:06.324] Starting updateGraphWorker: Project: /dev/null/inferredProject1*
Info 688  [14:36:06.326] Finishing updateGraphWorker: Project: /dev/null/inferredProject1* Version: 151 structureChanged: false Elapsed: 1.8216000013053417ms
Info 689  [14:36:06.326] Different program with same set of files:: structureIsReused:: 2
Info 690  [14:36:07.362] Starting updateGraphWorker: Project: /dev/null/inferredProject1*
Info 691  [14:36:07.365] Finishing updateGraphWorker: Project: /dev/null/inferredProject1* Version: 152 structureChanged: false Elapsed: 2.940999999642372ms
Info 692  [14:36:07.365] Different program with same set of files:: structureIsReused:: 2
Info 693  [14:36:07.744] Starting updateGraphWorker: Project: /dev/null/inferredProject1*
Info 694  [14:36:07.746] Finishing updateGraphWorker: Project: /dev/null/inferredProject1* Version: 153 structureChanged: false Elapsed: 1.9516000002622604ms
Info 695  [14:36:07.746] Different program with same set of files:: structureIsReused:: 2
Info 696  [14:36:08.088] Starting updateGraphWorker: Project: /dev/null/inferredProject1*
Info 697  [14:36:08.090] Finishing updateGraphWorker: Project: /dev/null/inferredProject1* Version: 154 structureChanged: false Elapsed: 1.7510000001639128ms
Info 698  [14:36:08.090] Different program with same set of files:: structureIsReused:: 2
Info 699  [14:36:08.343] Starting updateGraphWorker: Project: /dev/null/inferredProject1*
Info 700  [14:36:08.345] Finishing updateGraphWorker: Project: /dev/null/inferredProject1* Version: 155 structureChanged: false Elapsed: 1.8721000012010336ms
Info 701  [14:36:08.345] Different program with same set of files:: structureIsReused:: 2
Info 702  [14:36:09.065] Starting updateGraphWorker: Project: /dev/null/inferredProject1*
Info 703  [14:36:09.069] Finishing updateGraphWorker: Project: /dev/null/inferredProject1* Version: 156 structureChanged: false Elapsed: 4.048299999907613ms
Info 704  [14:36:09.070] Different program with same set of files:: structureIsReused:: 2
Info 705  [14:36:09.348] Starting updateGraphWorker: Project: /dev/null/inferredProject1*
Info 706  [14:36:09.350] Finishing updateGraphWorker: Project: /dev/null/inferredProject1* Version: 157 structureChanged: false Elapsed: 1.9329000003635883ms
Info 707  [14:36:09.350] Different program with same set of files:: structureIsReused:: 2
Info 708  [14:36:10.323] Starting updateGraphWorker: Project: /dev/null/inferredProject1*
Info 709  [14:36:10.325] Finishing updateGraphWorker: Project: /dev/null/inferredProject1* Version: 158 structureChanged: false Elapsed: 2.2631000000983477ms
Info 710  [14:36:10.337] Different program with same set of files:: structureIsReused:: 2
Info 711  [14:36:10.655] Starting updateGraphWorker: Project: /dev/null/inferredProject1*
Info 712  [14:36:10.657] Finishing updateGraphWorker: Project: /dev/null/inferredProject1* Version: 159 structureChanged: false Elapsed: 2.2600999996066093ms
Info 713  [14:36:10.658] Different program with same set of files:: structureIsReused:: 2
Info 714  [14:36:10.659] Starting updateGraphWorker: Project: /dev/null/inferredProject1*
Info 715  [14:36:10.661] Finishing updateGraphWorker: Project: /dev/null/inferredProject1* Version: 160 structureChanged: false Elapsed: 1.6144999992102385ms
Info 716  [14:36:10.661] Different program with same set of files:: structureIsReused:: 2
Info 717  [14:36:10.968] Starting updateGraphWorker: Project: /dev/null/inferredProject1*
Info 718  [14:36:10.977] Finishing updateGraphWorker: Project: /dev/null/inferredProject1* Version: 161 structureChanged: false Elapsed: 9.085500000044703ms
Info 719  [14:36:10.977] Different program with same set of files:: structureIsReused:: 2
Info 720  [14:36:11.268] getCompletionData: Get current token: 0.011500000953674316
Info 721  [14:36:11.268] getCompletionData: Is inside comment: 0.029500000178813934
Info 722  [14:36:11.268] getCompletionData: Get previous token 1: 0.02410000003874302
Info 723  [14:36:11.268] getCompletionData: Get previous token 2: 0.023800000548362732
Info 724  [14:36:11.268] getCompletionsAtPosition: isCompletionListBlocker: 0.00260000117123127
Info 725  [14:36:11.270] getSymbolsFromOtherSourceFileExports: Using cached list
Info 726  [14:36:11.270] getCompletionData: Semantic work: 2.520499998703599
Info 727  [14:36:11.273] getCompletionsAtPosition: getCompletionEntriesFromSymbols: 2.3222000002861023
Info 728  [14:36:11.362] Starting updateGraphWorker: Project: /dev/null/inferredProject1*
Info 729  [14:36:11.364] Finishing updateGraphWorker: Project: /dev/null/inferredProject1* Version: 162 structureChanged: false Elapsed: 1.8622999992221594ms
Info 730  [14:36:11.364] Different program with same set of files:: structureIsReused:: 2
Info 731  [14:36:11.364] getCompletionData: Get current token: 0.008899999782443047
Info 732  [14:36:11.364] getCompletionData: Is inside comment: 0.033900000154972076
Info 733  [14:36:11.364] getCompletionData: Get previous token 1: 0.02579999901354313
Info 734  [14:36:11.364] getCompletionData: Get previous token 2: 0.02419999986886978
Info 735  [14:36:11.364] getCompletionsAtPosition: isCompletionListBlocker: 0.00430000014603138
Info 736  [14:36:11.367] getSymbolsFromOtherSourceFileExports: Using cached list
Info 737  [14:36:11.367] getCompletionData: Semantic work: 3.2582999989390373
Info 738  [14:36:11.370] getCompletionsAtPosition: getCompletionEntriesFromSymbols: 2.1600000001490116
Info 739  [14:36:11.549] Starting updateGraphWorker: Project: /dev/null/inferredProject1*
Info 740  [14:36:11.551] Finishing updateGraphWorker: Project: /dev/null/inferredProject1* Version: 163 structureChanged: false Elapsed: 1.9135999996215105ms
Info 741  [14:36:11.551] Different program with same set of files:: structureIsReused:: 2
Info 742  [14:36:11.551] getCompletionData: Get current token: 0.008799999952316284
Info 743  [14:36:11.551] getCompletionData: Is inside comment: 0.04129999876022339
Info 744  [14:36:11.551] getCompletionData: Get previous token 1: 0.02630000002682209
Info 745  [14:36:11.551] getCompletionData: Get previous token 2: 0.040299998596310616
Info 746  [14:36:11.551] getCompletionsAtPosition: isCompletionListBlocker: 0.0030000004917383194
Info 747  [14:36:11.552] getSymbolsFromOtherSourceFileExports: Using cached list
Info 748  [14:36:11.553] getCompletionData: Semantic work: 1.3863000012934208
Info 749  [14:36:11.555] getCompletionsAtPosition: getCompletionEntriesFromSymbols: 2.1085999999195337
Info 750  [14:36:12.073] Starting updateGraphWorker: Project: /dev/null/inferredProject1*
Info 751  [14:36:12.076] Finishing updateGraphWorker: Project: /dev/null/inferredProject1* Version: 164 structureChanged: false Elapsed: 2.5806000009179115ms
Info 752  [14:36:12.076] Different program with same set of files:: structureIsReused:: 2
Info 753  [14:36:13.542] Starting updateGraphWorker: Project: /dev/null/inferredProject1*
Info 754  [14:36:13.544] Finishing updateGraphWorker: Project: /dev/null/inferredProject1* Version: 165 structureChanged: false Elapsed: 1.8016999997198582ms
Info 755  [14:36:13.544] Different program with same set of files:: structureIsReused:: 2
Info 756  [14:36:14.022] Starting updateGraphWorker: Project: /dev/null/inferredProject1*
Info 757  [14:36:14.024] Finishing updateGraphWorker: Project: /dev/null/inferredProject1* Version: 166 structureChanged: false Elapsed: 1.8145000003278255ms
Info 758  [14:36:14.024] Different program with same set of files:: structureIsReused:: 2
Info 759  [14:36:14.421] Starting updateGraphWorker: Project: /dev/null/inferredProject1*
Info 760  [14:36:14.423] Finishing updateGraphWorker: Project: /dev/null/inferredProject1* Version: 167 structureChanged: false Elapsed: 1.792400000616908ms
Info 761  [14:36:14.423] Different program with same set of files:: structureIsReused:: 2
Info 762  [14:36:14.785] Starting updateGraphWorker: Project: /dev/null/inferredProject1*
Info 763  [14:36:14.787] Finishing updateGraphWorker: Project: /dev/null/inferredProject1* Version: 168 structureChanged: false Elapsed: 1.7666999995708466ms
Info 764  [14:36:14.787] Different program with same set of files:: structureIsReused:: 2
Info 765  [14:36:15.045] Starting updateGraphWorker: Project: /dev/null/inferredProject1*
Info 766  [14:36:15.047] Finishing updateGraphWorker: Project: /dev/null/inferredProject1* Version: 169 structureChanged: false Elapsed: 1.7707000002264977ms
Info 767  [14:36:15.047] Different program with same set of files:: structureIsReused:: 2
Info 768  [14:36:15.754] Starting updateGraphWorker: Project: /dev/null/inferredProject1*
Info 769  [14:36:15.756] Finishing updateGraphWorker: Project: /dev/null/inferredProject1* Version: 170 structureChanged: false Elapsed: 1.78800000064075ms
Info 770  [14:36:15.756] Different program with same set of files:: structureIsReused:: 2
Info 771  [14:36:16.597] Starting updateGraphWorker: Project: /dev/null/inferredProject1*
Info 772  [14:36:16.599] Finishing updateGraphWorker: Project: /dev/null/inferredProject1* Version: 171 structureChanged: false Elapsed: 2.20409999974072ms
Info 773  [14:36:16.599] Different program with same set of files:: structureIsReused:: 2
Info 774  [14:36:18.241] Starting updateGraphWorker: Project: /dev/null/inferredProject1*
Info 775  [14:36:18.245] Finishing updateGraphWorker: Project: /dev/null/inferredProject1* Version: 172 structureChanged: false Elapsed: 4.232999999076128ms
Info 776  [14:36:18.245] Different program with same set of files:: structureIsReused:: 2
Info 777  [14:36:19.118] Starting updateGraphWorker: Project: /dev/null/inferredProject1*
Info 778  [14:36:19.120] Finishing updateGraphWorker: Project: /dev/null/inferredProject1* Version: 173 structureChanged: false Elapsed: 2.2993999999016523ms
Info 779  [14:36:19.120] Different program with same set of files:: structureIsReused:: 2
Info 780  [14:36:19.940] Starting updateGraphWorker: Project: /dev/null/inferredProject1*
Info 781  [14:36:19.942] Finishing updateGraphWorker: Project: /dev/null/inferredProject1* Version: 174 structureChanged: false Elapsed: 2.2064999993890524ms
Info 782  [14:36:19.942] Different program with same set of files:: structureIsReused:: 2
Info 783  [14:36:20.312] Starting updateGraphWorker: Project: /dev/null/inferredProject1*
Info 784  [14:36:20.314] Finishing updateGraphWorker: Project: /dev/null/inferredProject1* Version: 175 structureChanged: false Elapsed: 1.8977000005543232ms
Info 785  [14:36:20.314] Different program with same set of files:: structureIsReused:: 2
Info 786  [14:36:20.723] Starting updateGraphWorker: Project: /dev/null/inferredProject1*
Info 787  [14:36:20.725] Finishing updateGraphWorker: Project: /dev/null/inferredProject1* Version: 176 structureChanged: false Elapsed: 1.8824000004678965ms
Info 788  [14:36:20.725] Different program with same set of files:: structureIsReused:: 2
Info 789  [14:36:21.344] Starting updateGraphWorker: Project: /dev/null/inferredProject1*
Info 790  [14:36:21.346] Finishing updateGraphWorker: Project: /dev/null/inferredProject1* Version: 177 structureChanged: false Elapsed: 2.320999998599291ms
Info 791  [14:36:21.346] Different program with same set of files:: structureIsReused:: 2
Info 792  [14:36:21.644] getCompletionData: Get current token: 0.013300001621246338
Info 793  [14:36:21.644] getCompletionData: Is inside comment: 0.03519999980926514
Info 794  [14:36:21.644] Returning an empty list because completion was inside a regular comment or plain text part of a JsDoc comment.
Info 795  [14:36:23.695] Starting updateGraphWorker: Project: /dev/null/inferredProject1*
Info 796  [14:36:23.697] Finishing updateGraphWorker: Project: /dev/null/inferredProject1* Version: 178 structureChanged: false Elapsed: 2.3002000004053116ms
Info 797  [14:36:23.697] Different program with same set of files:: structureIsReused:: 2
Info 798  [14:36:24.010] Starting updateGraphWorker: Project: /dev/null/inferredProject1*
Info 799  [14:36:24.012] Finishing updateGraphWorker: Project: /dev/null/inferredProject1* Version: 179 structureChanged: false Elapsed: 2.165599999949336ms
Info 800  [14:36:24.012] Different program with same set of files:: structureIsReused:: 2
Info 801  [14:36:24.571] Starting updateGraphWorker: Project: /dev/null/inferredProject1*
Info 802  [14:36:24.577] Finishing updateGraphWorker: Project: /dev/null/inferredProject1* Version: 180 structureChanged: false Elapsed: 5.964499998837709ms
Info 803  [14:36:24.577] Different program with same set of files:: structureIsReused:: 2
Info 804  [14:36:24.824] Starting updateGraphWorker: Project: /dev/null/inferredProject1*
Info 805  [14:36:24.826] Finishing updateGraphWorker: Project: /dev/null/inferredProject1* Version: 181 structureChanged: false Elapsed: 1.7803000006824732ms
Info 806  [14:36:24.826] Different program with same set of files:: structureIsReused:: 2
Info 807  [14:36:25.207] Starting updateGraphWorker: Project: /dev/null/inferredProject1*
Info 808  [14:36:25.209] Finishing updateGraphWorker: Project: /dev/null/inferredProject1* Version: 182 structureChanged: false Elapsed: 1.7248999997973442ms
Info 809  [14:36:25.209] Different program with same set of files:: structureIsReused:: 2
Info 810  [14:36:25.778] Starting updateGraphWorker: Project: /dev/null/inferredProject1*
Info 811  [14:36:25.780] Finishing updateGraphWorker: Project: /dev/null/inferredProject1* Version: 183 structureChanged: false Elapsed: 1.7140999995172024ms
Info 812  [14:36:25.780] Different program with same set of files:: structureIsReused:: 2
Info 813  [14:36:26.110] Starting updateGraphWorker: Project: /dev/null/inferredProject1*
Info 814  [14:36:26.112] Finishing updateGraphWorker: Project: /dev/null/inferredProject1* Version: 184 structureChanged: false Elapsed: 2.1592000015079975ms
Info 815  [14:36:26.112] Different program with same set of files:: structureIsReused:: 2
Info 816  [14:36:53.614] Starting updateGraphWorker: Project: /dev/null/inferredProject1*
Info 817  [14:36:53.616] Finishing updateGraphWorker: Project: /dev/null/inferredProject1* Version: 185 structureChanged: false Elapsed: 2.2119000013917685ms
Info 818  [14:36:53.616] Different program with same set of files:: structureIsReused:: 2
Info 819  [14:36:54.323] Starting updateGraphWorker: Project: /dev/null/inferredProject1*
Info 820  [14:36:54.327] Finishing updateGraphWorker: Project: /dev/null/inferredProject1* Version: 186 structureChanged: false Elapsed: 3.720599999651313ms
Info 821  [14:36:54.327] Different program with same set of files:: structureIsReused:: 2
Info 822  [14:36:58.909] Starting updateGraphWorker: Project: /dev/null/inferredProject1*
Info 823  [14:36:58.912] Finishing updateGraphWorker: Project: /dev/null/inferredProject1* Version: 187 structureChanged: false Elapsed: 2.7603999990969896ms
Info 824  [14:36:58.912] Different program with same set of files:: structureIsReused:: 2
Info 825  [14:37:05.309] Starting updateGraphWorker: Project: /dev/null/inferredProject1*
Info 826  [14:37:05.313] Finishing updateGraphWorker: Project: /dev/null/inferredProject1* Version: 188 structureChanged: false Elapsed: 3.504799999296665ms
Info 827  [14:37:05.313] Different program with same set of files:: structureIsReused:: 2
Info 828  [14:37:11.652] Starting updateGraphWorker: Project: /dev/null/inferredProject1*
Info 829  [14:37:11.655] Finishing updateGraphWorker: Project: /dev/null/inferredProject1* Version: 189 structureChanged: false Elapsed: 2.8394999988377094ms
Info 830  [14:37:11.655] Different program with same set of files:: structureIsReused:: 2
Info 831  [14:37:11.911] Starting updateGraphWorker: Project: /dev/null/inferredProject1*
Info 832  [14:37:11.914] Finishing updateGraphWorker: Project: /dev/null/inferredProject1* Version: 190 structureChanged: false Elapsed: 3.1110000014305115ms
Info 833  [14:37:11.914] Different program with same set of files:: structureIsReused:: 2
Info 834  [14:37:12.567] Starting updateGraphWorker: Project: /dev/null/inferredProject1*
Info 835  [14:37:12.570] Finishing updateGraphWorker: Project: /dev/null/inferredProject1* Version: 191 structureChanged: false Elapsed: 2.8789000008255243ms
Info 836  [14:37:12.570] Different program with same set of files:: structureIsReused:: 2
Info 837  [14:37:12.867] getCompletionData: Get current token: 0.011500000953674316
Info 838  [14:37:12.867] getCompletionData: Is inside comment: 0.04670000076293945
Info 839  [14:37:12.867] getCompletionData: Get previous token 1: 0.02459999918937683
Info 840  [14:37:12.867] getCompletionData: Get previous token 2: 0.032499998807907104
Info 841  [14:37:12.867] getCompletionsAtPosition: isCompletionListBlocker: 0.08259999938309193
Info 842  [14:37:12.869] getSymbolsFromOtherSourceFileExports: Using cached list
Info 843  [14:37:12.870] getCompletionData: Semantic work: 2.340300001204014
Info 844  [14:37:12.872] getCompletionsAtPosition: getCompletionEntriesFromSymbols: 2.2551000006496906
Info 845  [14:37:13.408] Starting updateGraphWorker: Project: /dev/null/inferredProject1*
Info 846  [14:37:13.410] Finishing updateGraphWorker: Project: /dev/null/inferredProject1* Version: 192 structureChanged: false Elapsed: 2.0479000005871058ms
Info 847  [14:37:13.410] Different program with same set of files:: structureIsReused:: 2
Info 848  [14:37:13.410] getCompletionData: Get current token: 0.01860000006854534
Info 849  [14:37:13.410] getCompletionData: Is inside comment: 0.006300000473856926
Info 850  [14:37:13.410] getCompletionData: Get previous token 1: 0.03279999829828739
Info 851  [14:37:13.410] getCompletionData: Get previous token 2: 0.033900000154972076
Info 852  [14:37:13.410] getCompletionsAtPosition: isCompletionListBlocker: 0.012399999424815178
Info 853  [14:37:13.412] getSymbolsFromOtherSourceFileExports: Recomputing list for details entry
Info 854  [14:37:13.413] forEachExternalModuleToImportFrom: filtered out 0 modules by package.json contents
Info 855  [14:37:13.415] getSymbolsFromOtherSourceFileExports: 3.1317999996244907
Info 856  [14:37:13.416] getCompletionData: Semantic work: 5.301799999549985
Info 857  [14:37:13.863] Starting updateGraphWorker: Project: /dev/null/inferredProject1*
Info 858  [14:37:13.866] Finishing updateGraphWorker: Project: /dev/null/inferredProject1* Version: 193 structureChanged: false Elapsed: 2.6567999999970198ms
Info 859  [14:37:13.866] Different program with same set of files:: structureIsReused:: 2
Info 860  [14:37:14.869] Starting updateGraphWorker: Project: /dev/null/inferredProject1*
Info 861  [14:37:14.872] Finishing updateGraphWorker: Project: /dev/null/inferredProject1* Version: 194 structureChanged: false Elapsed: 2.434900000691414ms
Info 862  [14:37:14.872] Different program with same set of files:: structureIsReused:: 2
Info 863  [14:37:15.989] Starting updateGraphWorker: Project: /dev/null/inferredProject1*
Info 864  [14:37:15.992] Finishing updateGraphWorker: Project: /dev/null/inferredProject1* Version: 195 structureChanged: false Elapsed: 2.5445000007748604ms
Info 865  [14:37:15.992] Different program with same set of files:: structureIsReused:: 2
Info 866  [14:37:15.994] Starting updateGraphWorker: Project: /dev/null/inferredProject1*
Info 867  [14:37:15.996] Finishing updateGraphWorker: Project: /dev/null/inferredProject1* Version: 196 structureChanged: false Elapsed: 1.7377000004053116ms
Info 868  [14:37:15.996] Different program with same set of files:: structureIsReused:: 2
Info 869  [14:37:16.694] Starting updateGraphWorker: Project: /dev/null/inferredProject1*
Info 870  [14:37:16.696] Finishing updateGraphWorker: Project: /dev/null/inferredProject1* Version: 197 structureChanged: false Elapsed: 2.3408000003546476ms
Info 871  [14:37:16.696] Different program with same set of files:: structureIsReused:: 2
Info 872  [14:37:16.986] Starting updateGraphWorker: Project: /dev/null/inferredProject1*
Info 873  [14:37:16.988] Finishing updateGraphWorker: Project: /dev/null/inferredProject1* Version: 198 structureChanged: false Elapsed: 2.450799999758601ms
Info 874  [14:37:16.988] Different program with same set of files:: structureIsReused:: 2
Info 875  [14:37:36.458] Starting updateGraphWorker: Project: /dev/null/inferredProject1*
Info 876  [14:37:36.461] Finishing updateGraphWorker: Project: /dev/null/inferredProject1* Version: 199 structureChanged: false Elapsed: 3.2732999995350838ms
Info 877  [14:37:36.461] Different program with same set of files:: structureIsReused:: 2
Info 878  [14:37:37.067] Starting updateGraphWorker: Project: /dev/null/inferredProject1*
Info 879  [14:37:37.072] Finishing updateGraphWorker: Project: /dev/null/inferredProject1* Version: 200 structureChanged: false Elapsed: 4.845900001004338ms
Info 880  [14:37:37.072] Different program with same set of files:: structureIsReused:: 2
Info 881  [14:37:37.882] Starting updateGraphWorker: Project: /dev/null/inferredProject1*
Info 882  [14:37:37.885] Finishing updateGraphWorker: Project: /dev/null/inferredProject1* Version: 201 structureChanged: false Elapsed: 2.7454000003635883ms
Info 883  [14:37:37.885] Different program with same set of files:: structureIsReused:: 2
Info 884  [14:37:38.181] Starting updateGraphWorker: Project: /dev/null/inferredProject1*
Info 885  [14:37:38.184] Finishing updateGraphWorker: Project: /dev/null/inferredProject1* Version: 202 structureChanged: false Elapsed: 3.108999999240041ms
Info 886  [14:37:38.184] Different program with same set of files:: structureIsReused:: 2
Info 887  [14:37:38.731] Starting updateGraphWorker: Project: /dev/null/inferredProject1*
Info 888  [14:37:38.733] Finishing updateGraphWorker: Project: /dev/null/inferredProject1* Version: 203 structureChanged: false Elapsed: 2.0167999994009733ms
Info 889  [14:37:38.733] Different program with same set of files:: structureIsReused:: 2
Info 890  [14:37:41.204] Starting updateGraphWorker: Project: /dev/null/inferredProject1*
Info 891  [14:37:41.208] Finishing updateGraphWorker: Project: /dev/null/inferredProject1* Version: 204 structureChanged: false Elapsed: 3.417500000447035ms
Info 892  [14:37:41.208] Different program with same set of files:: structureIsReused:: 2
Info 893  [14:37:41.736] Starting updateGraphWorker: Project: /dev/null/inferredProject1*
Info 894  [14:37:41.739] Finishing updateGraphWorker: Project: /dev/null/inferredProject1* Version: 205 structureChanged: false Elapsed: 2.5210999995470047ms
Info 895  [14:37:41.739] Different program with same set of files:: structureIsReused:: 2
Info 896  [14:37:42.410] Starting updateGraphWorker: Project: /dev/null/inferredProject1*
Info 897  [14:37:42.412] Finishing updateGraphWorker: Project: /dev/null/inferredProject1* Version: 206 structureChanged: false Elapsed: 2.2364000007510185ms
Info 898  [14:37:42.412] Different program with same set of files:: structureIsReused:: 2
Info 899  [14:37:42.712] getCompletionData: Get current token: 0.020899999886751175
Info 900  [14:37:42.712] getCompletionData: Is inside comment: 0.03189999982714653
Info 901  [14:37:42.712] Returning an empty list because completion was inside a regular comment or plain text part of a JsDoc comment.
Info 902  [14:38:29.701] Starting updateGraphWorker: Project: /dev/null/inferredProject1*
Info 903  [14:38:29.704] Finishing updateGraphWorker: Project: /dev/null/inferredProject1* Version: 207 structureChanged: false Elapsed: 2.8103999998420477ms
Info 904  [14:38:29.712] Different program with same set of files:: structureIsReused:: 2
Info 905  [14:39:12.052] Starting updateGraphWorker: Project: /dev/null/inferredProject1*
Info 906  [14:39:12.054] Finishing updateGraphWorker: Project: /dev/null/inferredProject1* Version: 208 structureChanged: false Elapsed: 1.9170999992638826ms
Info 907  [14:39:12.054] Different program with same set of files:: structureIsReused:: 2
Info 908  [14:39:12.275] Starting updateGraphWorker: Project: /dev/null/inferredProject1*
Info 909  [14:39:12.278] Finishing updateGraphWorker: Project: /dev/null/inferredProject1* Version: 209 structureChanged: false Elapsed: 2.8823000006377697ms
Info 910  [14:39:12.278] Different program with same set of files:: structureIsReused:: 2
Info 911  [14:39:12.785] Starting updateGraphWorker: Project: /dev/null/inferredProject1*
Info 912  [14:39:12.788] Finishing updateGraphWorker: Project: /dev/null/inferredProject1* Version: 210 structureChanged: false Elapsed: 2.8354000002145767ms
Info 913  [14:39:12.788] Different program with same set of files:: structureIsReused:: 2
Info 914  [14:39:13.026] Starting updateGraphWorker: Project: /dev/null/inferredProject1*
Info 915  [14:39:13.029] Finishing updateGraphWorker: Project: /dev/null/inferredProject1* Version: 211 structureChanged: false Elapsed: 2.6966999992728233ms
Info 916  [14:39:13.029] Different program with same set of files:: structureIsReused:: 2
Info 917  [14:39:13.323] Starting updateGraphWorker: Project: /dev/null/inferredProject1*
Info 918  [14:39:13.325] Finishing updateGraphWorker: Project: /dev/null/inferredProject1* Version: 212 structureChanged: false Elapsed: 2.1508000008761883ms
Info 919  [14:39:13.325] Different program with same set of files:: structureIsReused:: 2
Info 920  [14:39:13.684] Starting updateGraphWorker: Project: /dev/null/inferredProject1*
Info 921  [14:39:13.687] Finishing updateGraphWorker: Project: /dev/null/inferredProject1* Version: 213 structureChanged: false Elapsed: 3.7832999993115664ms
Info 922  [14:39:13.687] Different program with same set of files:: structureIsReused:: 2
Info 923  [14:39:17.296] Starting updateGraphWorker: Project: /dev/null/inferredProject1*
Info 924  [14:39:17.298] Finishing updateGraphWorker: Project: /dev/null/inferredProject1* Version: 214 structureChanged: false Elapsed: 2.1851000003516674ms
Info 925  [14:39:17.298] Different program with same set of files:: structureIsReused:: 2
Info 926  [14:39:17.774] Starting updateGraphWorker: Project: /dev/null/inferredProject1*
Info 927  [14:39:17.776] Finishing updateGraphWorker: Project: /dev/null/inferredProject1* Version: 215 structureChanged: false Elapsed: 2.1653000004589558ms
Info 928  [14:39:17.776] Different program with same set of files:: structureIsReused:: 2
Info 929  [14:39:28.849] Starting updateGraphWorker: Project: /dev/null/inferredProject1*
Info 930  [14:39:28.852] Finishing updateGraphWorker: Project: /dev/null/inferredProject1* Version: 216 structureChanged: false Elapsed: 3.3251999989151955ms
Info 931  [14:39:28.852] Different program with same set of files:: structureIsReused:: 2
Info 932  [14:39:29.375] Starting updateGraphWorker: Project: /dev/null/inferredProject1*
Info 933  [14:39:29.379] Finishing updateGraphWorker: Project: /dev/null/inferredProject1* Version: 217 structureChanged: false Elapsed: 4.360299998894334ms
Info 934  [14:39:29.379] Different program with same set of files:: structureIsReused:: 2
